<?xml version="1.0" encoding="UTF-8"?>
<testng-results skipped="0" failed="0" total="1" passed="1">
  <reporter-output>
  </reporter-output>
  <suite name="SARI" duration-ms="7875" started-at="2016-10-27T14:51:21Z" finished-at="2016-10-27T14:51:29Z">
    <groups>
      <group name="scripts">
        <method signature="TestExternalScriptsPresent.testPlumX(java.lang.String, java.lang.String, java.lang.String)[pri:0, instance:testng.rcaap.SARI.TestExternalScriptsPresent@1e67b872]" name="testPlumX" class="testng.rcaap.SARI.TestExternalScriptsPresent"/>
      </group> <!-- scripts -->
    </groups>
    <test name="SARI" duration-ms="7875" started-at="2016-10-27T14:51:21Z" finished-at="2016-10-27T14:51:29Z">
      <class name="testng.rcaap.SARI.TestExternalScriptsPresent">
        <test-method status="PASS" signature="setUp(java.lang.String, java.lang.String)[pri:0, instance:testng.rcaap.SARI.TestExternalScriptsPresent@1e67b872]" name="setUp" is-config="true" duration-ms="956" started-at="2016-10-27T15:51:21Z" finished-at="2016-10-27T15:51:22Z">
          <params>
            <param index="0">
              <value>
                <![CDATA[headless]]>
              </value>
            </param>
            <param index="1">
              <value>
                <![CDATA[windows]]>
              </value>
            </param>
          </params>
          <reporter-output>
          </reporter-output>
        </test-method> <!-- setUp -->
        <test-method status="PASS" signature="testPlumX(java.lang.String, java.lang.String, java.lang.String)[pri:0, instance:testng.rcaap.SARI.TestExternalScriptsPresent@1e67b872]" name="testPlumX" duration-ms="6883" started-at="2016-10-27T15:51:22Z" data-provider="plumx" finished-at="2016-10-27T15:51:29Z">
          <params>
            <param index="0">
              <value>
                <![CDATA[http://rihuc.huc.min-saude.pt]]>
              </value>
            </param>
            <param index="1">
              <value>
                <![CDATA[10400.4]]>
              </value>
            </param>
            <param index="2">
              <value>
                <![CDATA[1972]]>
              </value>
            </param>
          </params>
          <reporter-output>
          </reporter-output>
        </test-method> <!-- testPlumX -->
        <test-method status="PASS" signature="tearDown()[pri:0, instance:testng.rcaap.SARI.TestExternalScriptsPresent@1e67b872]" name="tearDown" is-config="true" duration-ms="2" started-at="2016-10-27T15:51:29Z" finished-at="2016-10-27T15:51:29Z">
          <reporter-output>
          </reporter-output>
        </test-method> <!-- tearDown -->
      </class> <!-- testng.rcaap.SARI.TestExternalScriptsPresent -->
    </test> <!-- SARI -->
  </suite> <!-- SARI -->
</testng-results>
