<?xml version="1.0" encoding="UTF-8"?>
<testng-results skipped="113" failed="0" total="113" passed="0">
  <reporter-output>
  </reporter-output>
  <suite name="SARI" duration-ms="729" started-at="2016-10-27T14:12:41Z" finished-at="2016-10-27T14:12:42Z">
    <groups>
      <group name="scripts">
        <method signature="TestExternalScriptsPresent.testPlumX(java.lang.String)[pri:0, instance:testng.rcaap.SARI.TestExternalScriptsPresent@3abbfa04]" name="testPlumX" class="testng.rcaap.SARI.TestExternalScriptsPresent"/>
      </group> <!-- scripts -->
    </groups>
    <test name="SARI" duration-ms="729" started-at="2016-10-27T14:12:41Z" finished-at="2016-10-27T14:12:42Z">
      <class name="testng.rcaap.SARI.TestExternalScriptsPresent">
        <test-method status="FAIL" signature="setUp(java.lang.String, java.lang.String)[pri:0, instance:testng.rcaap.SARI.TestExternalScriptsPresent@3abbfa04]" name="setUp" is-config="true" duration-ms="0" started-at="2016-10-27T15:12:41Z" finished-at="2016-10-27T15:12:41Z">
          <exception class="org.testng.TestNGException">
            <message>
              <![CDATA[
Parameter 'browser' is required by @Configuration on method setUp but has not been marked @Optional or defined
in C:\Users\fribeiro\workspace\TestNGMaven\TestNGResources\SARI\testng-sari.xml]]>
            </message>
            <full-stacktrace>
              <![CDATA[org.testng.TestNGException: 
Parameter 'browser' is required by @Configuration on method setUp but has not been marked @Optional or defined
in C:\Users\fribeiro\workspace\TestNGMaven\TestNGResources\SARI\testng-sari.xml
	at org.testng.internal.Parameters.createParameters(Parameters.java:156)
	at org.testng.internal.Parameters.createParameters(Parameters.java:363)
	at org.testng.internal.Parameters.createConfigurationParameters(Parameters.java:86)
	at org.testng.internal.Invoker.invokeConfigurations(Invoker.java:202)
	at org.testng.internal.Invoker.invokeConfigurations(Invoker.java:143)
	at org.testng.internal.TestMethodWorker.invokeBeforeClassMethods(TestMethodWorker.java:169)
	at org.testng.internal.TestMethodWorker.run(TestMethodWorker.java:108)
	at java.util.concurrent.ThreadPoolExecutor.runWorker(ThreadPoolExecutor.java:1142)
	at java.util.concurrent.ThreadPoolExecutor$Worker.run(ThreadPoolExecutor.java:617)
	at java.lang.Thread.run(Thread.java:745)
]]>
            </full-stacktrace>
          </exception> <!-- org.testng.TestNGException -->
          <reporter-output>
          </reporter-output>
        </test-method> <!-- setUp -->
        <test-method status="SKIP" signature="testGA(java.lang.String)[pri:0, instance:testng.rcaap.SARI.TestExternalScriptsPresent@3abbfa04]" name="testGA" duration-ms="3" started-at="2016-10-27T15:12:42Z" data-provider="urls-all" finished-at="2016-10-27T15:12:42Z">
          <params>
            <param index="0">
              <value>
                <![CDATA[http://bdigital.ufp.pt]]>
              </value>
            </param>
          </params>
          <reporter-output>
          </reporter-output>
        </test-method> <!-- testGA -->
        <test-method status="SKIP" signature="testGA(java.lang.String)[pri:0, instance:testng.rcaap.SARI.TestExternalScriptsPresent@3abbfa04]" name="testGA" duration-ms="9" started-at="2016-10-27T15:12:42Z" data-provider="urls-all" finished-at="2016-10-27T15:12:42Z">
          <params>
            <param index="0">
              <value>
                <![CDATA[https://comum.rcaap.pt]]>
              </value>
            </param>
          </params>
          <reporter-output>
          </reporter-output>
        </test-method> <!-- testGA -->
        <test-method status="SKIP" signature="testGA(java.lang.String)[pri:0, instance:testng.rcaap.SARI.TestExternalScriptsPresent@3abbfa04]" name="testGA" duration-ms="3" started-at="2016-10-27T15:12:42Z" data-provider="urls-all" finished-at="2016-10-27T15:12:42Z">
          <params>
            <param index="0">
              <value>
                <![CDATA[http://repositorio.uac.pt]]>
              </value>
            </param>
          </params>
          <reporter-output>
          </reporter-output>
        </test-method> <!-- testGA -->
        <test-method status="SKIP" signature="testGA(java.lang.String)[pri:0, instance:testng.rcaap.SARI.TestExternalScriptsPresent@3abbfa04]" name="testGA" duration-ms="1" started-at="2016-10-27T15:12:42Z" data-provider="urls-all" finished-at="2016-10-27T15:12:42Z">
          <params>
            <param index="0">
              <value>
                <![CDATA[http://repositorio.ipcb.pt]]>
              </value>
            </param>
          </params>
          <reporter-output>
          </reporter-output>
        </test-method> <!-- testGA -->
        <test-method status="SKIP" signature="testGA(java.lang.String)[pri:0, instance:testng.rcaap.SARI.TestExternalScriptsPresent@3abbfa04]" name="testGA" duration-ms="68" started-at="2016-10-27T15:12:42Z" data-provider="urls-all" finished-at="2016-10-27T15:12:42Z">
          <params>
            <param index="0">
              <value>
                <![CDATA[http://repositorio.insa.pt]]>
              </value>
            </param>
          </params>
          <reporter-output>
          </reporter-output>
        </test-method> <!-- testGA -->
        <test-method status="SKIP" signature="testGA(java.lang.String)[pri:0, instance:testng.rcaap.SARI.TestExternalScriptsPresent@3abbfa04]" name="testGA" duration-ms="1" started-at="2016-10-27T15:12:42Z" data-provider="urls-all" finished-at="2016-10-27T15:12:42Z">
          <params>
            <param index="0">
              <value>
                <![CDATA[http://repositorio.ipl.pt]]>
              </value>
            </param>
          </params>
          <reporter-output>
          </reporter-output>
        </test-method> <!-- testGA -->
        <test-method status="SKIP" signature="testGA(java.lang.String)[pri:0, instance:testng.rcaap.SARI.TestExternalScriptsPresent@3abbfa04]" name="testGA" duration-ms="1" started-at="2016-10-27T15:12:42Z" data-provider="urls-all" finished-at="2016-10-27T15:12:42Z">
          <params>
            <param index="0">
              <value>
                <![CDATA[http://repositorio.ul.pt]]>
              </value>
            </param>
          </params>
          <reporter-output>
          </reporter-output>
        </test-method> <!-- testGA -->
        <test-method status="SKIP" signature="testGA(java.lang.String)[pri:0, instance:testng.rcaap.SARI.TestExternalScriptsPresent@3abbfa04]" name="testGA" duration-ms="1" started-at="2016-10-27T15:12:42Z" data-provider="urls-all" finished-at="2016-10-27T15:12:42Z">
          <params>
            <param index="0">
              <value>
                <![CDATA[http://repositorio.ismai.pt]]>
              </value>
            </param>
          </params>
          <reporter-output>
          </reporter-output>
        </test-method> <!-- testGA -->
        <test-method status="SKIP" signature="testGA(java.lang.String)[pri:0, instance:testng.rcaap.SARI.TestExternalScriptsPresent@3abbfa04]" name="testGA" duration-ms="1" started-at="2016-10-27T15:12:42Z" data-provider="urls-all" finished-at="2016-10-27T15:12:42Z">
          <params>
            <param index="0">
              <value>
                <![CDATA[http://repositorio.hospitaldebraga.pt]]>
              </value>
            </param>
          </params>
          <reporter-output>
          </reporter-output>
        </test-method> <!-- testGA -->
        <test-method status="SKIP" signature="testGA(java.lang.String)[pri:0, instance:testng.rcaap.SARI.TestExternalScriptsPresent@3abbfa04]" name="testGA" duration-ms="0" started-at="2016-10-27T15:12:42Z" data-provider="urls-all" finished-at="2016-10-27T15:12:42Z">
          <params>
            <param index="0">
              <value>
                <![CDATA[http://repositorio.ucp.pt]]>
              </value>
            </param>
          </params>
          <reporter-output>
          </reporter-output>
        </test-method> <!-- testGA -->
        <test-method status="SKIP" signature="testGA(java.lang.String)[pri:0, instance:testng.rcaap.SARI.TestExternalScriptsPresent@3abbfa04]" name="testGA" duration-ms="1" started-at="2016-10-27T15:12:42Z" data-provider="urls-all" finished-at="2016-10-27T15:12:42Z">
          <params>
            <param index="0">
              <value>
                <![CDATA[http://sapientia.ualg.pt]]>
              </value>
            </param>
          </params>
          <reporter-output>
          </reporter-output>
        </test-method> <!-- testGA -->
        <test-method status="SKIP" signature="testGA(java.lang.String)[pri:0, instance:testng.rcaap.SARI.TestExternalScriptsPresent@3abbfa04]" name="testGA" duration-ms="1" started-at="2016-10-27T15:12:42Z" data-provider="urls-all" finished-at="2016-10-27T15:12:42Z">
          <params>
            <param index="0">
              <value>
                <![CDATA[http://ubibliorum.ubi.pt]]>
              </value>
            </param>
          </params>
          <reporter-output>
          </reporter-output>
        </test-method> <!-- testGA -->
        <test-method status="SKIP" signature="testGA(java.lang.String)[pri:0, instance:testng.rcaap.SARI.TestExternalScriptsPresent@3abbfa04]" name="testGA" duration-ms="0" started-at="2016-10-27T15:12:42Z" data-provider="urls-all" finished-at="2016-10-27T15:12:42Z">
          <params>
            <param index="0">
              <value>
                <![CDATA[http://run.unl.pt]]>
              </value>
            </param>
          </params>
          <reporter-output>
          </reporter-output>
        </test-method> <!-- testGA -->
        <test-method status="SKIP" signature="testGA(java.lang.String)[pri:0, instance:testng.rcaap.SARI.TestExternalScriptsPresent@3abbfa04]" name="testGA" duration-ms="1" started-at="2016-10-27T15:12:42Z" data-provider="urls-all" finished-at="2016-10-27T15:12:42Z">
          <params>
            <param index="0">
              <value>
                <![CDATA[http://www.repository.utl.pt]]>
              </value>
            </param>
          </params>
          <reporter-output>
          </reporter-output>
        </test-method> <!-- testGA -->
        <test-method status="SKIP" signature="testGA(java.lang.String)[pri:0, instance:testng.rcaap.SARI.TestExternalScriptsPresent@3abbfa04]" name="testGA" duration-ms="2" started-at="2016-10-27T15:12:42Z" data-provider="urls-all" finished-at="2016-10-27T15:12:42Z">
          <params>
            <param index="0">
              <value>
                <![CDATA[http://arca.igc.gulbenkian.pt]]>
              </value>
            </param>
          </params>
          <reporter-output>
          </reporter-output>
        </test-method> <!-- testGA -->
        <test-method status="SKIP" signature="testGA(java.lang.String)[pri:0, instance:testng.rcaap.SARI.TestExternalScriptsPresent@3abbfa04]" name="testGA" duration-ms="1" started-at="2016-10-27T15:12:42Z" data-provider="urls-all" finished-at="2016-10-27T15:12:42Z">
          <params>
            <param index="0">
              <value>
                <![CDATA[http://repositorio.ispa.pt]]>
              </value>
            </param>
          </params>
          <reporter-output>
          </reporter-output>
        </test-method> <!-- testGA -->
        <test-method status="SKIP" signature="testGA(java.lang.String)[pri:0, instance:testng.rcaap.SARI.TestExternalScriptsPresent@3abbfa04]" name="testGA" duration-ms="0" started-at="2016-10-27T15:12:42Z" data-provider="urls-all" finished-at="2016-10-27T15:12:42Z">
          <params>
            <param index="0">
              <value>
                <![CDATA[http://bibliotecadigital.ipb.pt]]>
              </value>
            </param>
          </params>
          <reporter-output>
          </reporter-output>
        </test-method> <!-- testGA -->
        <test-method status="SKIP" signature="testGA(java.lang.String)[pri:0, instance:testng.rcaap.SARI.TestExternalScriptsPresent@3abbfa04]" name="testGA" duration-ms="0" started-at="2016-10-27T15:12:42Z" data-provider="urls-all" finished-at="2016-10-27T15:12:42Z">
          <params>
            <param index="0">
              <value>
                <![CDATA[http://iconline.ipleiria.pt]]>
              </value>
            </param>
          </params>
          <reporter-output>
          </reporter-output>
        </test-method> <!-- testGA -->
        <test-method status="SKIP" signature="testGA(java.lang.String)[pri:0, instance:testng.rcaap.SARI.TestExternalScriptsPresent@3abbfa04]" name="testGA" duration-ms="0" started-at="2016-10-27T15:12:42Z" data-provider="urls-all" finished-at="2016-10-27T15:12:42Z">
          <params>
            <param index="0">
              <value>
                <![CDATA[http://digituma.uma.pt]]>
              </value>
            </param>
          </params>
          <reporter-output>
          </reporter-output>
        </test-method> <!-- testGA -->
        <test-method status="SKIP" signature="testGA(java.lang.String)[pri:0, instance:testng.rcaap.SARI.TestExternalScriptsPresent@3abbfa04]" name="testGA" duration-ms="1" started-at="2016-10-27T15:12:42Z" data-provider="urls-all" finished-at="2016-10-27T15:12:42Z">
          <params>
            <param index="0">
              <value>
                <![CDATA[http://repositorioaberto.uab.pt]]>
              </value>
            </param>
          </params>
          <reporter-output>
          </reporter-output>
        </test-method> <!-- testGA -->
        <test-method status="SKIP" signature="testGA(java.lang.String)[pri:0, instance:testng.rcaap.SARI.TestExternalScriptsPresent@3abbfa04]" name="testGA" duration-ms="1" started-at="2016-10-27T15:12:42Z" data-provider="urls-all" finished-at="2016-10-27T15:12:42Z">
          <params>
            <param index="0">
              <value>
                <![CDATA[http://rihuc.huc.min-saude.pt]]>
              </value>
            </param>
          </params>
          <reporter-output>
          </reporter-output>
        </test-method> <!-- testGA -->
        <test-method status="SKIP" signature="testGA(java.lang.String)[pri:0, instance:testng.rcaap.SARI.TestExternalScriptsPresent@3abbfa04]" name="testGA" duration-ms="1" started-at="2016-10-27T15:12:42Z" data-provider="urls-all" finished-at="2016-10-27T15:12:42Z">
          <params>
            <param index="0">
              <value>
                <![CDATA[http://repositorio.chporto.pt]]>
              </value>
            </param>
          </params>
          <reporter-output>
          </reporter-output>
        </test-method> <!-- testGA -->
        <test-method status="SKIP" signature="testGA(java.lang.String)[pri:0, instance:testng.rcaap.SARI.TestExternalScriptsPresent@3abbfa04]" name="testGA" duration-ms="1" started-at="2016-10-27T15:12:42Z" data-provider="urls-all" finished-at="2016-10-27T15:12:42Z">
          <params>
            <param index="0">
              <value>
                <![CDATA[http://repositorio.chlc.min-saude.pt]]>
              </value>
            </param>
          </params>
          <reporter-output>
          </reporter-output>
        </test-method> <!-- testGA -->
        <test-method status="SKIP" signature="testGA(java.lang.String)[pri:0, instance:testng.rcaap.SARI.TestExternalScriptsPresent@3abbfa04]" name="testGA" duration-ms="0" started-at="2016-10-27T15:12:42Z" data-provider="urls-all" finished-at="2016-10-27T15:12:42Z">
          <params>
            <param index="0">
              <value>
                <![CDATA[http://repositorio.hff.min-saude.pt]]>
              </value>
            </param>
          </params>
          <reporter-output>
          </reporter-output>
        </test-method> <!-- testGA -->
        <test-method status="SKIP" signature="testGA(java.lang.String)[pri:0, instance:testng.rcaap.SARI.TestExternalScriptsPresent@3abbfa04]" name="testGA" duration-ms="2" started-at="2016-10-27T15:12:42Z" data-provider="urls-all" finished-at="2016-10-27T15:12:42Z">
          <params>
            <param index="0">
              <value>
                <![CDATA[http://recipp.ipp.pt]]>
              </value>
            </param>
          </params>
          <reporter-output>
          </reporter-output>
        </test-method> <!-- testGA -->
        <test-method status="SKIP" signature="testGA(java.lang.String)[pri:0, instance:testng.rcaap.SARI.TestExternalScriptsPresent@3abbfa04]" name="testGA" duration-ms="0" started-at="2016-10-27T15:12:42Z" data-provider="urls-all" finished-at="2016-10-27T15:12:42Z">
          <params>
            <param index="0">
              <value>
                <![CDATA[http://repositorio.ipsantarem.pt]]>
              </value>
            </param>
          </params>
          <reporter-output>
          </reporter-output>
        </test-method> <!-- testGA -->
        <test-method status="SKIP" signature="testGA(java.lang.String)[pri:0, instance:testng.rcaap.SARI.TestExternalScriptsPresent@3abbfa04]" name="testGA" duration-ms="0" started-at="2016-10-27T15:12:42Z" data-provider="urls-all" finished-at="2016-10-27T15:12:42Z">
          <params>
            <param index="0">
              <value>
                <![CDATA[http://repositorio.ipv.pt]]>
              </value>
            </param>
          </params>
          <reporter-output>
          </reporter-output>
        </test-method> <!-- testGA -->
        <test-method status="SKIP" signature="testGA(java.lang.String)[pri:0, instance:testng.rcaap.SARI.TestExternalScriptsPresent@3abbfa04]" name="testGA" duration-ms="0" started-at="2016-10-27T15:12:42Z" data-provider="urls-all" finished-at="2016-10-27T15:12:42Z">
          <params>
            <param index="0">
              <value>
                <![CDATA[http://repositorio.lneg.pt]]>
              </value>
            </param>
          </params>
          <reporter-output>
          </reporter-output>
        </test-method> <!-- testGA -->
        <test-method status="SKIP" signature="testPiwik(java.lang.String)[pri:0, instance:testng.rcaap.SARI.TestExternalScriptsPresent@3abbfa04]" name="testPiwik" duration-ms="0" started-at="2016-10-27T15:12:42Z" data-provider="urls-all" finished-at="2016-10-27T15:12:42Z">
          <params>
            <param index="0">
              <value>
                <![CDATA[http://bdigital.ufp.pt]]>
              </value>
            </param>
          </params>
          <reporter-output>
          </reporter-output>
        </test-method> <!-- testPiwik -->
        <test-method status="SKIP" signature="testPiwik(java.lang.String)[pri:0, instance:testng.rcaap.SARI.TestExternalScriptsPresent@3abbfa04]" name="testPiwik" duration-ms="0" started-at="2016-10-27T15:12:42Z" data-provider="urls-all" finished-at="2016-10-27T15:12:42Z">
          <params>
            <param index="0">
              <value>
                <![CDATA[https://comum.rcaap.pt]]>
              </value>
            </param>
          </params>
          <reporter-output>
          </reporter-output>
        </test-method> <!-- testPiwik -->
        <test-method status="SKIP" signature="testPiwik(java.lang.String)[pri:0, instance:testng.rcaap.SARI.TestExternalScriptsPresent@3abbfa04]" name="testPiwik" duration-ms="1" started-at="2016-10-27T15:12:42Z" data-provider="urls-all" finished-at="2016-10-27T15:12:42Z">
          <params>
            <param index="0">
              <value>
                <![CDATA[http://repositorio.uac.pt]]>
              </value>
            </param>
          </params>
          <reporter-output>
          </reporter-output>
        </test-method> <!-- testPiwik -->
        <test-method status="SKIP" signature="testPiwik(java.lang.String)[pri:0, instance:testng.rcaap.SARI.TestExternalScriptsPresent@3abbfa04]" name="testPiwik" duration-ms="0" started-at="2016-10-27T15:12:42Z" data-provider="urls-all" finished-at="2016-10-27T15:12:42Z">
          <params>
            <param index="0">
              <value>
                <![CDATA[http://repositorio.ipcb.pt]]>
              </value>
            </param>
          </params>
          <reporter-output>
          </reporter-output>
        </test-method> <!-- testPiwik -->
        <test-method status="SKIP" signature="testPiwik(java.lang.String)[pri:0, instance:testng.rcaap.SARI.TestExternalScriptsPresent@3abbfa04]" name="testPiwik" duration-ms="0" started-at="2016-10-27T15:12:42Z" data-provider="urls-all" finished-at="2016-10-27T15:12:42Z">
          <params>
            <param index="0">
              <value>
                <![CDATA[http://repositorio.insa.pt]]>
              </value>
            </param>
          </params>
          <reporter-output>
          </reporter-output>
        </test-method> <!-- testPiwik -->
        <test-method status="SKIP" signature="testPiwik(java.lang.String)[pri:0, instance:testng.rcaap.SARI.TestExternalScriptsPresent@3abbfa04]" name="testPiwik" duration-ms="45" started-at="2016-10-27T15:12:42Z" data-provider="urls-all" finished-at="2016-10-27T15:12:42Z">
          <params>
            <param index="0">
              <value>
                <![CDATA[http://repositorio.ipl.pt]]>
              </value>
            </param>
          </params>
          <reporter-output>
          </reporter-output>
        </test-method> <!-- testPiwik -->
        <test-method status="SKIP" signature="testPiwik(java.lang.String)[pri:0, instance:testng.rcaap.SARI.TestExternalScriptsPresent@3abbfa04]" name="testPiwik" duration-ms="1" started-at="2016-10-27T15:12:42Z" data-provider="urls-all" finished-at="2016-10-27T15:12:42Z">
          <params>
            <param index="0">
              <value>
                <![CDATA[http://repositorio.ul.pt]]>
              </value>
            </param>
          </params>
          <reporter-output>
          </reporter-output>
        </test-method> <!-- testPiwik -->
        <test-method status="SKIP" signature="testPiwik(java.lang.String)[pri:0, instance:testng.rcaap.SARI.TestExternalScriptsPresent@3abbfa04]" name="testPiwik" duration-ms="2" started-at="2016-10-27T15:12:42Z" data-provider="urls-all" finished-at="2016-10-27T15:12:42Z">
          <params>
            <param index="0">
              <value>
                <![CDATA[http://repositorio.ismai.pt]]>
              </value>
            </param>
          </params>
          <reporter-output>
          </reporter-output>
        </test-method> <!-- testPiwik -->
        <test-method status="SKIP" signature="testPiwik(java.lang.String)[pri:0, instance:testng.rcaap.SARI.TestExternalScriptsPresent@3abbfa04]" name="testPiwik" duration-ms="1" started-at="2016-10-27T15:12:42Z" data-provider="urls-all" finished-at="2016-10-27T15:12:42Z">
          <params>
            <param index="0">
              <value>
                <![CDATA[http://repositorio.hospitaldebraga.pt]]>
              </value>
            </param>
          </params>
          <reporter-output>
          </reporter-output>
        </test-method> <!-- testPiwik -->
        <test-method status="SKIP" signature="testPiwik(java.lang.String)[pri:0, instance:testng.rcaap.SARI.TestExternalScriptsPresent@3abbfa04]" name="testPiwik" duration-ms="1" started-at="2016-10-27T15:12:42Z" data-provider="urls-all" finished-at="2016-10-27T15:12:42Z">
          <params>
            <param index="0">
              <value>
                <![CDATA[http://sapientia.ualg.pt]]>
              </value>
            </param>
          </params>
          <reporter-output>
          </reporter-output>
        </test-method> <!-- testPiwik -->
        <test-method status="SKIP" signature="testPiwik(java.lang.String)[pri:0, instance:testng.rcaap.SARI.TestExternalScriptsPresent@3abbfa04]" name="testPiwik" duration-ms="0" started-at="2016-10-27T15:12:42Z" data-provider="urls-all" finished-at="2016-10-27T15:12:42Z">
          <params>
            <param index="0">
              <value>
                <![CDATA[http://repositorio.ucp.pt]]>
              </value>
            </param>
          </params>
          <reporter-output>
          </reporter-output>
        </test-method> <!-- testPiwik -->
        <test-method status="SKIP" signature="testPiwik(java.lang.String)[pri:0, instance:testng.rcaap.SARI.TestExternalScriptsPresent@3abbfa04]" name="testPiwik" duration-ms="4" started-at="2016-10-27T15:12:42Z" data-provider="urls-all" finished-at="2016-10-27T15:12:42Z">
          <params>
            <param index="0">
              <value>
                <![CDATA[http://ubibliorum.ubi.pt]]>
              </value>
            </param>
          </params>
          <reporter-output>
          </reporter-output>
        </test-method> <!-- testPiwik -->
        <test-method status="SKIP" signature="testPiwik(java.lang.String)[pri:0, instance:testng.rcaap.SARI.TestExternalScriptsPresent@3abbfa04]" name="testPiwik" duration-ms="1" started-at="2016-10-27T15:12:42Z" data-provider="urls-all" finished-at="2016-10-27T15:12:42Z">
          <params>
            <param index="0">
              <value>
                <![CDATA[http://run.unl.pt]]>
              </value>
            </param>
          </params>
          <reporter-output>
          </reporter-output>
        </test-method> <!-- testPiwik -->
        <test-method status="SKIP" signature="testPiwik(java.lang.String)[pri:0, instance:testng.rcaap.SARI.TestExternalScriptsPresent@3abbfa04]" name="testPiwik" duration-ms="0" started-at="2016-10-27T15:12:42Z" data-provider="urls-all" finished-at="2016-10-27T15:12:42Z">
          <params>
            <param index="0">
              <value>
                <![CDATA[http://www.repository.utl.pt]]>
              </value>
            </param>
          </params>
          <reporter-output>
          </reporter-output>
        </test-method> <!-- testPiwik -->
        <test-method status="SKIP" signature="testPiwik(java.lang.String)[pri:0, instance:testng.rcaap.SARI.TestExternalScriptsPresent@3abbfa04]" name="testPiwik" duration-ms="0" started-at="2016-10-27T15:12:42Z" data-provider="urls-all" finished-at="2016-10-27T15:12:42Z">
          <params>
            <param index="0">
              <value>
                <![CDATA[http://arca.igc.gulbenkian.pt]]>
              </value>
            </param>
          </params>
          <reporter-output>
          </reporter-output>
        </test-method> <!-- testPiwik -->
        <test-method status="SKIP" signature="testPiwik(java.lang.String)[pri:0, instance:testng.rcaap.SARI.TestExternalScriptsPresent@3abbfa04]" name="testPiwik" duration-ms="6" started-at="2016-10-27T15:12:42Z" data-provider="urls-all" finished-at="2016-10-27T15:12:42Z">
          <params>
            <param index="0">
              <value>
                <![CDATA[http://repositorio.ispa.pt]]>
              </value>
            </param>
          </params>
          <reporter-output>
          </reporter-output>
        </test-method> <!-- testPiwik -->
        <test-method status="SKIP" signature="testPiwik(java.lang.String)[pri:0, instance:testng.rcaap.SARI.TestExternalScriptsPresent@3abbfa04]" name="testPiwik" duration-ms="1" started-at="2016-10-27T15:12:42Z" data-provider="urls-all" finished-at="2016-10-27T15:12:42Z">
          <params>
            <param index="0">
              <value>
                <![CDATA[http://bibliotecadigital.ipb.pt]]>
              </value>
            </param>
          </params>
          <reporter-output>
          </reporter-output>
        </test-method> <!-- testPiwik -->
        <test-method status="SKIP" signature="testPiwik(java.lang.String)[pri:0, instance:testng.rcaap.SARI.TestExternalScriptsPresent@3abbfa04]" name="testPiwik" duration-ms="3" started-at="2016-10-27T15:12:42Z" data-provider="urls-all" finished-at="2016-10-27T15:12:42Z">
          <params>
            <param index="0">
              <value>
                <![CDATA[http://iconline.ipleiria.pt]]>
              </value>
            </param>
          </params>
          <reporter-output>
          </reporter-output>
        </test-method> <!-- testPiwik -->
        <test-method status="SKIP" signature="testPiwik(java.lang.String)[pri:0, instance:testng.rcaap.SARI.TestExternalScriptsPresent@3abbfa04]" name="testPiwik" duration-ms="0" started-at="2016-10-27T15:12:42Z" data-provider="urls-all" finished-at="2016-10-27T15:12:42Z">
          <params>
            <param index="0">
              <value>
                <![CDATA[http://digituma.uma.pt]]>
              </value>
            </param>
          </params>
          <reporter-output>
          </reporter-output>
        </test-method> <!-- testPiwik -->
        <test-method status="SKIP" signature="testPiwik(java.lang.String)[pri:0, instance:testng.rcaap.SARI.TestExternalScriptsPresent@3abbfa04]" name="testPiwik" duration-ms="1" started-at="2016-10-27T15:12:42Z" data-provider="urls-all" finished-at="2016-10-27T15:12:42Z">
          <params>
            <param index="0">
              <value>
                <![CDATA[http://repositorioaberto.uab.pt]]>
              </value>
            </param>
          </params>
          <reporter-output>
          </reporter-output>
        </test-method> <!-- testPiwik -->
        <test-method status="SKIP" signature="testPiwik(java.lang.String)[pri:0, instance:testng.rcaap.SARI.TestExternalScriptsPresent@3abbfa04]" name="testPiwik" duration-ms="1" started-at="2016-10-27T15:12:42Z" data-provider="urls-all" finished-at="2016-10-27T15:12:42Z">
          <params>
            <param index="0">
              <value>
                <![CDATA[http://rihuc.huc.min-saude.pt]]>
              </value>
            </param>
          </params>
          <reporter-output>
          </reporter-output>
        </test-method> <!-- testPiwik -->
        <test-method status="SKIP" signature="testPiwik(java.lang.String)[pri:0, instance:testng.rcaap.SARI.TestExternalScriptsPresent@3abbfa04]" name="testPiwik" duration-ms="0" started-at="2016-10-27T15:12:42Z" data-provider="urls-all" finished-at="2016-10-27T15:12:42Z">
          <params>
            <param index="0">
              <value>
                <![CDATA[http://repositorio.chporto.pt]]>
              </value>
            </param>
          </params>
          <reporter-output>
          </reporter-output>
        </test-method> <!-- testPiwik -->
        <test-method status="SKIP" signature="testPiwik(java.lang.String)[pri:0, instance:testng.rcaap.SARI.TestExternalScriptsPresent@3abbfa04]" name="testPiwik" duration-ms="1" started-at="2016-10-27T15:12:42Z" data-provider="urls-all" finished-at="2016-10-27T15:12:42Z">
          <params>
            <param index="0">
              <value>
                <![CDATA[http://repositorio.chlc.min-saude.pt]]>
              </value>
            </param>
          </params>
          <reporter-output>
          </reporter-output>
        </test-method> <!-- testPiwik -->
        <test-method status="SKIP" signature="testPiwik(java.lang.String)[pri:0, instance:testng.rcaap.SARI.TestExternalScriptsPresent@3abbfa04]" name="testPiwik" duration-ms="3" started-at="2016-10-27T15:12:42Z" data-provider="urls-all" finished-at="2016-10-27T15:12:42Z">
          <params>
            <param index="0">
              <value>
                <![CDATA[http://repositorio.hff.min-saude.pt]]>
              </value>
            </param>
          </params>
          <reporter-output>
          </reporter-output>
        </test-method> <!-- testPiwik -->
        <test-method status="SKIP" signature="testPiwik(java.lang.String)[pri:0, instance:testng.rcaap.SARI.TestExternalScriptsPresent@3abbfa04]" name="testPiwik" duration-ms="1" started-at="2016-10-27T15:12:42Z" data-provider="urls-all" finished-at="2016-10-27T15:12:42Z">
          <params>
            <param index="0">
              <value>
                <![CDATA[http://recipp.ipp.pt]]>
              </value>
            </param>
          </params>
          <reporter-output>
          </reporter-output>
        </test-method> <!-- testPiwik -->
        <test-method status="SKIP" signature="testPiwik(java.lang.String)[pri:0, instance:testng.rcaap.SARI.TestExternalScriptsPresent@3abbfa04]" name="testPiwik" duration-ms="1" started-at="2016-10-27T15:12:42Z" data-provider="urls-all" finished-at="2016-10-27T15:12:42Z">
          <params>
            <param index="0">
              <value>
                <![CDATA[http://repositorio.ipsantarem.pt]]>
              </value>
            </param>
          </params>
          <reporter-output>
          </reporter-output>
        </test-method> <!-- testPiwik -->
        <test-method status="SKIP" signature="testPiwik(java.lang.String)[pri:0, instance:testng.rcaap.SARI.TestExternalScriptsPresent@3abbfa04]" name="testPiwik" duration-ms="4" started-at="2016-10-27T15:12:42Z" data-provider="urls-all" finished-at="2016-10-27T15:12:42Z">
          <params>
            <param index="0">
              <value>
                <![CDATA[http://repositorio.ipv.pt]]>
              </value>
            </param>
          </params>
          <reporter-output>
          </reporter-output>
        </test-method> <!-- testPiwik -->
        <test-method status="SKIP" signature="testPiwik(java.lang.String)[pri:0, instance:testng.rcaap.SARI.TestExternalScriptsPresent@3abbfa04]" name="testPiwik" duration-ms="1" started-at="2016-10-27T15:12:42Z" data-provider="urls-all" finished-at="2016-10-27T15:12:42Z">
          <params>
            <param index="0">
              <value>
                <![CDATA[http://repositorio.lneg.pt]]>
              </value>
            </param>
          </params>
          <reporter-output>
          </reporter-output>
        </test-method> <!-- testPiwik -->
        <test-method status="SKIP" signature="testPlumX(java.lang.String)[pri:0, instance:testng.rcaap.SARI.TestExternalScriptsPresent@3abbfa04]" name="testPlumX" duration-ms="1" started-at="2016-10-27T15:12:42Z" data-provider="urls-plumx" finished-at="2016-10-27T15:12:42Z">
          <params>
            <param index="0">
              <value>
                <![CDATA[http://rihuc.huc.min-saude.pt]]>
              </value>
            </param>
          </params>
          <reporter-output>
          </reporter-output>
        </test-method> <!-- testPlumX -->
        <test-method status="FAIL" signature="tearDown()[pri:0, instance:testng.rcaap.SARI.TestExternalScriptsPresent@3abbfa04]" name="tearDown" is-config="true" duration-ms="0" started-at="2016-10-27T15:12:42Z" finished-at="2016-10-27T15:12:42Z">
          <exception class="java.lang.NullPointerException">
            <full-stacktrace>
              <![CDATA[java.lang.NullPointerException
	at testng.rcaap.TestBase.tearDown(TestBase.java:75)
	at sun.reflect.NativeMethodAccessorImpl.invoke0(Native Method)
	at sun.reflect.NativeMethodAccessorImpl.invoke(NativeMethodAccessorImpl.java:62)
	at sun.reflect.DelegatingMethodAccessorImpl.invoke(DelegatingMethodAccessorImpl.java:43)
	at java.lang.reflect.Method.invoke(Method.java:497)
	at org.testng.internal.MethodInvocationHelper.invokeMethod(MethodInvocationHelper.java:100)
	at org.testng.internal.Invoker.invokeConfigurationMethod(Invoker.java:515)
	at org.testng.internal.Invoker.invokeConfigurations(Invoker.java:216)
	at org.testng.internal.Invoker.invokeConfigurations(Invoker.java:143)
	at org.testng.internal.TestMethodWorker.invokeAfterClassMethods(TestMethodWorker.java:217)
	at org.testng.internal.TestMethodWorker.run(TestMethodWorker.java:115)
	at java.util.concurrent.ThreadPoolExecutor.runWorker(ThreadPoolExecutor.java:1142)
	at java.util.concurrent.ThreadPoolExecutor$Worker.run(ThreadPoolExecutor.java:617)
	at java.lang.Thread.run(Thread.java:745)
]]>
            </full-stacktrace>
          </exception> <!-- java.lang.NullPointerException -->
          <reporter-output>
          </reporter-output>
        </test-method> <!-- tearDown -->
      </class> <!-- testng.rcaap.SARI.TestExternalScriptsPresent -->
      <class name="testng.rcaap.SARI.TestSearchPresent">
        <test-method status="FAIL" signature="setUp(java.lang.String, java.lang.String)[pri:0, instance:testng.rcaap.SARI.TestSearchPresent@239963d8]" name="setUp" is-config="true" duration-ms="0" started-at="2016-10-27T15:12:41Z" finished-at="2016-10-27T15:12:41Z">
          <exception class="org.testng.TestNGException">
            <message>
              <![CDATA[
Parameter 'browser' is required by @Configuration on method setUp but has not been marked @Optional or defined
in C:\Users\fribeiro\workspace\TestNGMaven\TestNGResources\SARI\testng-sari.xml]]>
            </message>
            <full-stacktrace>
              <![CDATA[org.testng.TestNGException: 
Parameter 'browser' is required by @Configuration on method setUp but has not been marked @Optional or defined
in C:\Users\fribeiro\workspace\TestNGMaven\TestNGResources\SARI\testng-sari.xml
	at org.testng.internal.Parameters.createParameters(Parameters.java:156)
	at org.testng.internal.Parameters.createParameters(Parameters.java:363)
	at org.testng.internal.Parameters.createConfigurationParameters(Parameters.java:86)
	at org.testng.internal.Invoker.invokeConfigurations(Invoker.java:202)
	at org.testng.internal.Invoker.invokeConfigurations(Invoker.java:143)
	at org.testng.internal.TestMethodWorker.invokeBeforeClassMethods(TestMethodWorker.java:169)
	at org.testng.internal.TestMethodWorker.run(TestMethodWorker.java:108)
	at java.util.concurrent.ThreadPoolExecutor.runWorker(ThreadPoolExecutor.java:1142)
	at java.util.concurrent.ThreadPoolExecutor$Worker.run(ThreadPoolExecutor.java:617)
	at java.lang.Thread.run(Thread.java:745)
]]>
            </full-stacktrace>
          </exception> <!-- org.testng.TestNGException -->
          <reporter-output>
          </reporter-output>
        </test-method> <!-- setUp -->
        <test-method status="SKIP" signature="TestExistButtonSearch(java.lang.String)[pri:0, instance:testng.rcaap.SARI.TestSearchPresent@239963d8]" name="TestExistButtonSearch" duration-ms="1" started-at="2016-10-27T15:12:42Z" data-provider="urls-all" finished-at="2016-10-27T15:12:42Z">
          <params>
            <param index="0">
              <value>
                <![CDATA[http://bdigital.ufp.pt]]>
              </value>
            </param>
          </params>
          <reporter-output>
          </reporter-output>
        </test-method> <!-- TestExistButtonSearch -->
        <test-method status="SKIP" signature="TestExistButtonSearch(java.lang.String)[pri:0, instance:testng.rcaap.SARI.TestSearchPresent@239963d8]" name="TestExistButtonSearch" duration-ms="4" started-at="2016-10-27T15:12:42Z" data-provider="urls-all" finished-at="2016-10-27T15:12:42Z">
          <params>
            <param index="0">
              <value>
                <![CDATA[https://comum.rcaap.pt]]>
              </value>
            </param>
          </params>
          <reporter-output>
          </reporter-output>
        </test-method> <!-- TestExistButtonSearch -->
        <test-method status="SKIP" signature="TestExistButtonSearch(java.lang.String)[pri:0, instance:testng.rcaap.SARI.TestSearchPresent@239963d8]" name="TestExistButtonSearch" duration-ms="3" started-at="2016-10-27T15:12:42Z" data-provider="urls-all" finished-at="2016-10-27T15:12:42Z">
          <params>
            <param index="0">
              <value>
                <![CDATA[http://repositorio.uac.pt]]>
              </value>
            </param>
          </params>
          <reporter-output>
          </reporter-output>
        </test-method> <!-- TestExistButtonSearch -->
        <test-method status="SKIP" signature="TestExistButtonSearch(java.lang.String)[pri:0, instance:testng.rcaap.SARI.TestSearchPresent@239963d8]" name="TestExistButtonSearch" duration-ms="145" started-at="2016-10-27T15:12:42Z" data-provider="urls-all" finished-at="2016-10-27T15:12:42Z">
          <params>
            <param index="0">
              <value>
                <![CDATA[http://repositorio.ipcb.pt]]>
              </value>
            </param>
          </params>
          <reporter-output>
          </reporter-output>
        </test-method> <!-- TestExistButtonSearch -->
        <test-method status="SKIP" signature="TestExistButtonSearch(java.lang.String)[pri:0, instance:testng.rcaap.SARI.TestSearchPresent@239963d8]" name="TestExistButtonSearch" duration-ms="1" started-at="2016-10-27T15:12:42Z" data-provider="urls-all" finished-at="2016-10-27T15:12:42Z">
          <params>
            <param index="0">
              <value>
                <![CDATA[http://repositorio.insa.pt]]>
              </value>
            </param>
          </params>
          <reporter-output>
          </reporter-output>
        </test-method> <!-- TestExistButtonSearch -->
        <test-method status="SKIP" signature="TestExistButtonSearch(java.lang.String)[pri:0, instance:testng.rcaap.SARI.TestSearchPresent@239963d8]" name="TestExistButtonSearch" duration-ms="1" started-at="2016-10-27T15:12:42Z" data-provider="urls-all" finished-at="2016-10-27T15:12:42Z">
          <params>
            <param index="0">
              <value>
                <![CDATA[http://repositorio.ipl.pt]]>
              </value>
            </param>
          </params>
          <reporter-output>
          </reporter-output>
        </test-method> <!-- TestExistButtonSearch -->
        <test-method status="SKIP" signature="TestExistButtonSearch(java.lang.String)[pri:0, instance:testng.rcaap.SARI.TestSearchPresent@239963d8]" name="TestExistButtonSearch" duration-ms="11" started-at="2016-10-27T15:12:42Z" data-provider="urls-all" finished-at="2016-10-27T15:12:42Z">
          <params>
            <param index="0">
              <value>
                <![CDATA[http://repositorio.ul.pt]]>
              </value>
            </param>
          </params>
          <reporter-output>
          </reporter-output>
        </test-method> <!-- TestExistButtonSearch -->
        <test-method status="SKIP" signature="TestExistButtonSearch(java.lang.String)[pri:0, instance:testng.rcaap.SARI.TestSearchPresent@239963d8]" name="TestExistButtonSearch" duration-ms="1" started-at="2016-10-27T15:12:42Z" data-provider="urls-all" finished-at="2016-10-27T15:12:42Z">
          <params>
            <param index="0">
              <value>
                <![CDATA[http://repositorio.ismai.pt]]>
              </value>
            </param>
          </params>
          <reporter-output>
          </reporter-output>
        </test-method> <!-- TestExistButtonSearch -->
        <test-method status="SKIP" signature="TestExistButtonSearch(java.lang.String)[pri:0, instance:testng.rcaap.SARI.TestSearchPresent@239963d8]" name="TestExistButtonSearch" duration-ms="1" started-at="2016-10-27T15:12:42Z" data-provider="urls-all" finished-at="2016-10-27T15:12:42Z">
          <params>
            <param index="0">
              <value>
                <![CDATA[http://repositorio.hospitaldebraga.pt]]>
              </value>
            </param>
          </params>
          <reporter-output>
          </reporter-output>
        </test-method> <!-- TestExistButtonSearch -->
        <test-method status="SKIP" signature="TestExistButtonSearch(java.lang.String)[pri:0, instance:testng.rcaap.SARI.TestSearchPresent@239963d8]" name="TestExistButtonSearch" duration-ms="28" started-at="2016-10-27T15:12:42Z" data-provider="urls-all" finished-at="2016-10-27T15:12:42Z">
          <params>
            <param index="0">
              <value>
                <![CDATA[http://repositorio.ucp.pt]]>
              </value>
            </param>
          </params>
          <reporter-output>
          </reporter-output>
        </test-method> <!-- TestExistButtonSearch -->
        <test-method status="SKIP" signature="TestExistButtonSearch(java.lang.String)[pri:0, instance:testng.rcaap.SARI.TestSearchPresent@239963d8]" name="TestExistButtonSearch" duration-ms="1" started-at="2016-10-27T15:12:42Z" data-provider="urls-all" finished-at="2016-10-27T15:12:42Z">
          <params>
            <param index="0">
              <value>
                <![CDATA[http://sapientia.ualg.pt]]>
              </value>
            </param>
          </params>
          <reporter-output>
          </reporter-output>
        </test-method> <!-- TestExistButtonSearch -->
        <test-method status="SKIP" signature="TestExistButtonSearch(java.lang.String)[pri:0, instance:testng.rcaap.SARI.TestSearchPresent@239963d8]" name="TestExistButtonSearch" duration-ms="0" started-at="2016-10-27T15:12:42Z" data-provider="urls-all" finished-at="2016-10-27T15:12:42Z">
          <params>
            <param index="0">
              <value>
                <![CDATA[http://ubibliorum.ubi.pt]]>
              </value>
            </param>
          </params>
          <reporter-output>
          </reporter-output>
        </test-method> <!-- TestExistButtonSearch -->
        <test-method status="SKIP" signature="TestExistButtonSearch(java.lang.String)[pri:0, instance:testng.rcaap.SARI.TestSearchPresent@239963d8]" name="TestExistButtonSearch" duration-ms="1" started-at="2016-10-27T15:12:42Z" data-provider="urls-all" finished-at="2016-10-27T15:12:42Z">
          <params>
            <param index="0">
              <value>
                <![CDATA[http://run.unl.pt]]>
              </value>
            </param>
          </params>
          <reporter-output>
          </reporter-output>
        </test-method> <!-- TestExistButtonSearch -->
        <test-method status="SKIP" signature="TestExistButtonSearch(java.lang.String)[pri:0, instance:testng.rcaap.SARI.TestSearchPresent@239963d8]" name="TestExistButtonSearch" duration-ms="1" started-at="2016-10-27T15:12:42Z" data-provider="urls-all" finished-at="2016-10-27T15:12:42Z">
          <params>
            <param index="0">
              <value>
                <![CDATA[http://www.repository.utl.pt]]>
              </value>
            </param>
          </params>
          <reporter-output>
          </reporter-output>
        </test-method> <!-- TestExistButtonSearch -->
        <test-method status="SKIP" signature="TestExistButtonSearch(java.lang.String)[pri:0, instance:testng.rcaap.SARI.TestSearchPresent@239963d8]" name="TestExistButtonSearch" duration-ms="0" started-at="2016-10-27T15:12:42Z" data-provider="urls-all" finished-at="2016-10-27T15:12:42Z">
          <params>
            <param index="0">
              <value>
                <![CDATA[http://arca.igc.gulbenkian.pt]]>
              </value>
            </param>
          </params>
          <reporter-output>
          </reporter-output>
        </test-method> <!-- TestExistButtonSearch -->
        <test-method status="SKIP" signature="TestExistButtonSearch(java.lang.String)[pri:0, instance:testng.rcaap.SARI.TestSearchPresent@239963d8]" name="TestExistButtonSearch" duration-ms="0" started-at="2016-10-27T15:12:42Z" data-provider="urls-all" finished-at="2016-10-27T15:12:42Z">
          <params>
            <param index="0">
              <value>
                <![CDATA[http://repositorio.ispa.pt]]>
              </value>
            </param>
          </params>
          <reporter-output>
          </reporter-output>
        </test-method> <!-- TestExistButtonSearch -->
        <test-method status="SKIP" signature="TestExistButtonSearch(java.lang.String)[pri:0, instance:testng.rcaap.SARI.TestSearchPresent@239963d8]" name="TestExistButtonSearch" duration-ms="1" started-at="2016-10-27T15:12:42Z" data-provider="urls-all" finished-at="2016-10-27T15:12:42Z">
          <params>
            <param index="0">
              <value>
                <![CDATA[http://bibliotecadigital.ipb.pt]]>
              </value>
            </param>
          </params>
          <reporter-output>
          </reporter-output>
        </test-method> <!-- TestExistButtonSearch -->
        <test-method status="SKIP" signature="TestExistButtonSearch(java.lang.String)[pri:0, instance:testng.rcaap.SARI.TestSearchPresent@239963d8]" name="TestExistButtonSearch" duration-ms="1" started-at="2016-10-27T15:12:42Z" data-provider="urls-all" finished-at="2016-10-27T15:12:42Z">
          <params>
            <param index="0">
              <value>
                <![CDATA[http://iconline.ipleiria.pt]]>
              </value>
            </param>
          </params>
          <reporter-output>
          </reporter-output>
        </test-method> <!-- TestExistButtonSearch -->
        <test-method status="SKIP" signature="TestExistButtonSearch(java.lang.String)[pri:0, instance:testng.rcaap.SARI.TestSearchPresent@239963d8]" name="TestExistButtonSearch" duration-ms="1" started-at="2016-10-27T15:12:42Z" data-provider="urls-all" finished-at="2016-10-27T15:12:42Z">
          <params>
            <param index="0">
              <value>
                <![CDATA[http://digituma.uma.pt]]>
              </value>
            </param>
          </params>
          <reporter-output>
          </reporter-output>
        </test-method> <!-- TestExistButtonSearch -->
        <test-method status="SKIP" signature="TestExistButtonSearch(java.lang.String)[pri:0, instance:testng.rcaap.SARI.TestSearchPresent@239963d8]" name="TestExistButtonSearch" duration-ms="1" started-at="2016-10-27T15:12:42Z" data-provider="urls-all" finished-at="2016-10-27T15:12:42Z">
          <params>
            <param index="0">
              <value>
                <![CDATA[http://repositorioaberto.uab.pt]]>
              </value>
            </param>
          </params>
          <reporter-output>
          </reporter-output>
        </test-method> <!-- TestExistButtonSearch -->
        <test-method status="SKIP" signature="TestExistButtonSearch(java.lang.String)[pri:0, instance:testng.rcaap.SARI.TestSearchPresent@239963d8]" name="TestExistButtonSearch" duration-ms="1" started-at="2016-10-27T15:12:42Z" data-provider="urls-all" finished-at="2016-10-27T15:12:42Z">
          <params>
            <param index="0">
              <value>
                <![CDATA[http://rihuc.huc.min-saude.pt]]>
              </value>
            </param>
          </params>
          <reporter-output>
          </reporter-output>
        </test-method> <!-- TestExistButtonSearch -->
        <test-method status="SKIP" signature="TestExistButtonSearch(java.lang.String)[pri:0, instance:testng.rcaap.SARI.TestSearchPresent@239963d8]" name="TestExistButtonSearch" duration-ms="1" started-at="2016-10-27T15:12:42Z" data-provider="urls-all" finished-at="2016-10-27T15:12:42Z">
          <params>
            <param index="0">
              <value>
                <![CDATA[http://repositorio.chporto.pt]]>
              </value>
            </param>
          </params>
          <reporter-output>
          </reporter-output>
        </test-method> <!-- TestExistButtonSearch -->
        <test-method status="SKIP" signature="TestExistButtonSearch(java.lang.String)[pri:0, instance:testng.rcaap.SARI.TestSearchPresent@239963d8]" name="TestExistButtonSearch" duration-ms="0" started-at="2016-10-27T15:12:42Z" data-provider="urls-all" finished-at="2016-10-27T15:12:42Z">
          <params>
            <param index="0">
              <value>
                <![CDATA[http://repositorio.chlc.min-saude.pt]]>
              </value>
            </param>
          </params>
          <reporter-output>
          </reporter-output>
        </test-method> <!-- TestExistButtonSearch -->
        <test-method status="SKIP" signature="TestExistButtonSearch(java.lang.String)[pri:0, instance:testng.rcaap.SARI.TestSearchPresent@239963d8]" name="TestExistButtonSearch" duration-ms="0" started-at="2016-10-27T15:12:42Z" data-provider="urls-all" finished-at="2016-10-27T15:12:42Z">
          <params>
            <param index="0">
              <value>
                <![CDATA[http://repositorio.hff.min-saude.pt]]>
              </value>
            </param>
          </params>
          <reporter-output>
          </reporter-output>
        </test-method> <!-- TestExistButtonSearch -->
        <test-method status="SKIP" signature="TestExistButtonSearch(java.lang.String)[pri:0, instance:testng.rcaap.SARI.TestSearchPresent@239963d8]" name="TestExistButtonSearch" duration-ms="0" started-at="2016-10-27T15:12:42Z" data-provider="urls-all" finished-at="2016-10-27T15:12:42Z">
          <params>
            <param index="0">
              <value>
                <![CDATA[http://recipp.ipp.pt]]>
              </value>
            </param>
          </params>
          <reporter-output>
          </reporter-output>
        </test-method> <!-- TestExistButtonSearch -->
        <test-method status="SKIP" signature="TestExistButtonSearch(java.lang.String)[pri:0, instance:testng.rcaap.SARI.TestSearchPresent@239963d8]" name="TestExistButtonSearch" duration-ms="1" started-at="2016-10-27T15:12:42Z" data-provider="urls-all" finished-at="2016-10-27T15:12:42Z">
          <params>
            <param index="0">
              <value>
                <![CDATA[http://repositorio.ipsantarem.pt]]>
              </value>
            </param>
          </params>
          <reporter-output>
          </reporter-output>
        </test-method> <!-- TestExistButtonSearch -->
        <test-method status="SKIP" signature="TestExistButtonSearch(java.lang.String)[pri:0, instance:testng.rcaap.SARI.TestSearchPresent@239963d8]" name="TestExistButtonSearch" duration-ms="1" started-at="2016-10-27T15:12:42Z" data-provider="urls-all" finished-at="2016-10-27T15:12:42Z">
          <params>
            <param index="0">
              <value>
                <![CDATA[http://repositorio.ipv.pt]]>
              </value>
            </param>
          </params>
          <reporter-output>
          </reporter-output>
        </test-method> <!-- TestExistButtonSearch -->
        <test-method status="SKIP" signature="TestExistButtonSearch(java.lang.String)[pri:0, instance:testng.rcaap.SARI.TestSearchPresent@239963d8]" name="TestExistButtonSearch" duration-ms="0" started-at="2016-10-27T15:12:42Z" data-provider="urls-all" finished-at="2016-10-27T15:12:42Z">
          <params>
            <param index="0">
              <value>
                <![CDATA[http://repositorio.lneg.pt]]>
              </value>
            </param>
          </params>
          <reporter-output>
          </reporter-output>
        </test-method> <!-- TestExistButtonSearch -->
        <test-method status="FAIL" signature="tearDown()[pri:0, instance:testng.rcaap.SARI.TestSearchPresent@239963d8]" name="tearDown" is-config="true" duration-ms="0" started-at="2016-10-27T15:12:42Z" finished-at="2016-10-27T15:12:42Z">
          <exception class="java.lang.NullPointerException">
            <full-stacktrace>
              <![CDATA[java.lang.NullPointerException
	at testng.rcaap.TestBase.tearDown(TestBase.java:75)
	at sun.reflect.NativeMethodAccessorImpl.invoke0(Native Method)
	at sun.reflect.NativeMethodAccessorImpl.invoke(NativeMethodAccessorImpl.java:62)
	at sun.reflect.DelegatingMethodAccessorImpl.invoke(DelegatingMethodAccessorImpl.java:43)
	at java.lang.reflect.Method.invoke(Method.java:497)
	at org.testng.internal.MethodInvocationHelper.invokeMethod(MethodInvocationHelper.java:100)
	at org.testng.internal.Invoker.invokeConfigurationMethod(Invoker.java:515)
	at org.testng.internal.Invoker.invokeConfigurations(Invoker.java:216)
	at org.testng.internal.Invoker.invokeConfigurations(Invoker.java:143)
	at org.testng.internal.TestMethodWorker.invokeAfterClassMethods(TestMethodWorker.java:217)
	at org.testng.internal.TestMethodWorker.run(TestMethodWorker.java:115)
	at java.util.concurrent.ThreadPoolExecutor.runWorker(ThreadPoolExecutor.java:1142)
	at java.util.concurrent.ThreadPoolExecutor$Worker.run(ThreadPoolExecutor.java:617)
	at java.lang.Thread.run(Thread.java:745)
]]>
            </full-stacktrace>
          </exception> <!-- java.lang.NullPointerException -->
          <reporter-output>
          </reporter-output>
        </test-method> <!-- tearDown -->
      </class> <!-- testng.rcaap.SARI.TestSearchPresent -->
      <class name="testng.rcaap.SARI.TestLoginPass">
        <test-method status="PASS" signature="beforeTest(java.lang.String, java.lang.String)[pri:0, instance:testng.rcaap.SARI.TestLoginPass@13deb50e]" name="beforeTest" is-config="true" duration-ms="15" started-at="2016-10-27T15:12:41Z" finished-at="2016-10-27T15:12:41Z">
          <params>
            <param index="0">
              <value>
                <![CDATA[user]]>
              </value>
            </param>
            <param index="1">
              <value>
                <![CDATA[pass]]>
              </value>
            </param>
          </params>
          <reporter-output>
          </reporter-output>
        </test-method> <!-- beforeTest -->
        <test-method status="FAIL" signature="setUp(java.lang.String, java.lang.String)[pri:0, instance:testng.rcaap.SARI.TestLoginPass@13deb50e]" name="setUp" is-config="true" duration-ms="0" started-at="2016-10-27T15:12:41Z" finished-at="2016-10-27T15:12:41Z">
          <exception class="org.testng.TestNGException">
            <message>
              <![CDATA[
Parameter 'browser' is required by @Configuration on method setUp but has not been marked @Optional or defined
in C:\Users\fribeiro\workspace\TestNGMaven\TestNGResources\SARI\testng-sari.xml]]>
            </message>
            <full-stacktrace>
              <![CDATA[org.testng.TestNGException: 
Parameter 'browser' is required by @Configuration on method setUp but has not been marked @Optional or defined
in C:\Users\fribeiro\workspace\TestNGMaven\TestNGResources\SARI\testng-sari.xml
	at org.testng.internal.Parameters.createParameters(Parameters.java:156)
	at org.testng.internal.Parameters.createParameters(Parameters.java:363)
	at org.testng.internal.Parameters.createConfigurationParameters(Parameters.java:86)
	at org.testng.internal.Invoker.invokeConfigurations(Invoker.java:202)
	at org.testng.internal.Invoker.invokeConfigurations(Invoker.java:143)
	at org.testng.internal.TestMethodWorker.invokeBeforeClassMethods(TestMethodWorker.java:169)
	at org.testng.internal.TestMethodWorker.run(TestMethodWorker.java:108)
	at java.util.concurrent.ThreadPoolExecutor.runWorker(ThreadPoolExecutor.java:1142)
	at java.util.concurrent.ThreadPoolExecutor$Worker.run(ThreadPoolExecutor.java:617)
	at java.lang.Thread.run(Thread.java:745)
]]>
            </full-stacktrace>
          </exception> <!-- org.testng.TestNGException -->
          <reporter-output>
          </reporter-output>
        </test-method> <!-- setUp -->
        <test-method status="SKIP" signature="testLogin(java.lang.String)[pri:0, instance:testng.rcaap.SARI.TestLoginPass@13deb50e]" name="testLogin" duration-ms="2" started-at="2016-10-27T15:12:42Z" data-provider="urls-all" finished-at="2016-10-27T15:12:42Z">
          <params>
            <param index="0">
              <value>
                <![CDATA[http://bdigital.ufp.pt]]>
              </value>
            </param>
          </params>
          <reporter-output>
          </reporter-output>
        </test-method> <!-- testLogin -->
        <test-method status="SKIP" signature="testLogin(java.lang.String)[pri:0, instance:testng.rcaap.SARI.TestLoginPass@13deb50e]" name="testLogin" duration-ms="2" started-at="2016-10-27T15:12:42Z" data-provider="urls-all" finished-at="2016-10-27T15:12:42Z">
          <params>
            <param index="0">
              <value>
                <![CDATA[https://comum.rcaap.pt]]>
              </value>
            </param>
          </params>
          <reporter-output>
          </reporter-output>
        </test-method> <!-- testLogin -->
        <test-method status="SKIP" signature="testLogin(java.lang.String)[pri:0, instance:testng.rcaap.SARI.TestLoginPass@13deb50e]" name="testLogin" duration-ms="2" started-at="2016-10-27T15:12:42Z" data-provider="urls-all" finished-at="2016-10-27T15:12:42Z">
          <params>
            <param index="0">
              <value>
                <![CDATA[http://repositorio.uac.pt]]>
              </value>
            </param>
          </params>
          <reporter-output>
          </reporter-output>
        </test-method> <!-- testLogin -->
        <test-method status="SKIP" signature="testLogin(java.lang.String)[pri:0, instance:testng.rcaap.SARI.TestLoginPass@13deb50e]" name="testLogin" duration-ms="1" started-at="2016-10-27T15:12:42Z" data-provider="urls-all" finished-at="2016-10-27T15:12:42Z">
          <params>
            <param index="0">
              <value>
                <![CDATA[http://repositorio.ipcb.pt]]>
              </value>
            </param>
          </params>
          <reporter-output>
          </reporter-output>
        </test-method> <!-- testLogin -->
        <test-method status="SKIP" signature="testLogin(java.lang.String)[pri:0, instance:testng.rcaap.SARI.TestLoginPass@13deb50e]" name="testLogin" duration-ms="1" started-at="2016-10-27T15:12:42Z" data-provider="urls-all" finished-at="2016-10-27T15:12:42Z">
          <params>
            <param index="0">
              <value>
                <![CDATA[http://repositorio.insa.pt]]>
              </value>
            </param>
          </params>
          <reporter-output>
          </reporter-output>
        </test-method> <!-- testLogin -->
        <test-method status="SKIP" signature="testLogin(java.lang.String)[pri:0, instance:testng.rcaap.SARI.TestLoginPass@13deb50e]" name="testLogin" duration-ms="2" started-at="2016-10-27T15:12:42Z" data-provider="urls-all" finished-at="2016-10-27T15:12:42Z">
          <params>
            <param index="0">
              <value>
                <![CDATA[http://repositorio.ipl.pt]]>
              </value>
            </param>
          </params>
          <reporter-output>
          </reporter-output>
        </test-method> <!-- testLogin -->
        <test-method status="SKIP" signature="testLogin(java.lang.String)[pri:0, instance:testng.rcaap.SARI.TestLoginPass@13deb50e]" name="testLogin" duration-ms="2" started-at="2016-10-27T15:12:42Z" data-provider="urls-all" finished-at="2016-10-27T15:12:42Z">
          <params>
            <param index="0">
              <value>
                <![CDATA[http://repositorio.ul.pt]]>
              </value>
            </param>
          </params>
          <reporter-output>
          </reporter-output>
        </test-method> <!-- testLogin -->
        <test-method status="SKIP" signature="testLogin(java.lang.String)[pri:0, instance:testng.rcaap.SARI.TestLoginPass@13deb50e]" name="testLogin" duration-ms="1" started-at="2016-10-27T15:12:42Z" data-provider="urls-all" finished-at="2016-10-27T15:12:42Z">
          <params>
            <param index="0">
              <value>
                <![CDATA[http://repositorio.ismai.pt]]>
              </value>
            </param>
          </params>
          <reporter-output>
          </reporter-output>
        </test-method> <!-- testLogin -->
        <test-method status="SKIP" signature="testLogin(java.lang.String)[pri:0, instance:testng.rcaap.SARI.TestLoginPass@13deb50e]" name="testLogin" duration-ms="2" started-at="2016-10-27T15:12:42Z" data-provider="urls-all" finished-at="2016-10-27T15:12:42Z">
          <params>
            <param index="0">
              <value>
                <![CDATA[http://repositorio.hospitaldebraga.pt]]>
              </value>
            </param>
          </params>
          <reporter-output>
          </reporter-output>
        </test-method> <!-- testLogin -->
        <test-method status="SKIP" signature="testLogin(java.lang.String)[pri:0, instance:testng.rcaap.SARI.TestLoginPass@13deb50e]" name="testLogin" duration-ms="2" started-at="2016-10-27T15:12:42Z" data-provider="urls-all" finished-at="2016-10-27T15:12:42Z">
          <params>
            <param index="0">
              <value>
                <![CDATA[http://repositorio.ucp.pt]]>
              </value>
            </param>
          </params>
          <reporter-output>
          </reporter-output>
        </test-method> <!-- testLogin -->
        <test-method status="SKIP" signature="testLogin(java.lang.String)[pri:0, instance:testng.rcaap.SARI.TestLoginPass@13deb50e]" name="testLogin" duration-ms="0" started-at="2016-10-27T15:12:42Z" data-provider="urls-all" finished-at="2016-10-27T15:12:42Z">
          <params>
            <param index="0">
              <value>
                <![CDATA[http://sapientia.ualg.pt]]>
              </value>
            </param>
          </params>
          <reporter-output>
          </reporter-output>
        </test-method> <!-- testLogin -->
        <test-method status="SKIP" signature="testLogin(java.lang.String)[pri:0, instance:testng.rcaap.SARI.TestLoginPass@13deb50e]" name="testLogin" duration-ms="1" started-at="2016-10-27T15:12:42Z" data-provider="urls-all" finished-at="2016-10-27T15:12:42Z">
          <params>
            <param index="0">
              <value>
                <![CDATA[http://ubibliorum.ubi.pt]]>
              </value>
            </param>
          </params>
          <reporter-output>
          </reporter-output>
        </test-method> <!-- testLogin -->
        <test-method status="SKIP" signature="testLogin(java.lang.String)[pri:0, instance:testng.rcaap.SARI.TestLoginPass@13deb50e]" name="testLogin" duration-ms="0" started-at="2016-10-27T15:12:42Z" data-provider="urls-all" finished-at="2016-10-27T15:12:42Z">
          <params>
            <param index="0">
              <value>
                <![CDATA[http://run.unl.pt]]>
              </value>
            </param>
          </params>
          <reporter-output>
          </reporter-output>
        </test-method> <!-- testLogin -->
        <test-method status="SKIP" signature="testLogin(java.lang.String)[pri:0, instance:testng.rcaap.SARI.TestLoginPass@13deb50e]" name="testLogin" duration-ms="0" started-at="2016-10-27T15:12:42Z" data-provider="urls-all" finished-at="2016-10-27T15:12:42Z">
          <params>
            <param index="0">
              <value>
                <![CDATA[http://www.repository.utl.pt]]>
              </value>
            </param>
          </params>
          <reporter-output>
          </reporter-output>
        </test-method> <!-- testLogin -->
        <test-method status="SKIP" signature="testLogin(java.lang.String)[pri:0, instance:testng.rcaap.SARI.TestLoginPass@13deb50e]" name="testLogin" duration-ms="0" started-at="2016-10-27T15:12:42Z" data-provider="urls-all" finished-at="2016-10-27T15:12:42Z">
          <params>
            <param index="0">
              <value>
                <![CDATA[http://arca.igc.gulbenkian.pt]]>
              </value>
            </param>
          </params>
          <reporter-output>
          </reporter-output>
        </test-method> <!-- testLogin -->
        <test-method status="SKIP" signature="testLogin(java.lang.String)[pri:0, instance:testng.rcaap.SARI.TestLoginPass@13deb50e]" name="testLogin" duration-ms="0" started-at="2016-10-27T15:12:42Z" data-provider="urls-all" finished-at="2016-10-27T15:12:42Z">
          <params>
            <param index="0">
              <value>
                <![CDATA[http://repositorio.ispa.pt]]>
              </value>
            </param>
          </params>
          <reporter-output>
          </reporter-output>
        </test-method> <!-- testLogin -->
        <test-method status="SKIP" signature="testLogin(java.lang.String)[pri:0, instance:testng.rcaap.SARI.TestLoginPass@13deb50e]" name="testLogin" duration-ms="0" started-at="2016-10-27T15:12:42Z" data-provider="urls-all" finished-at="2016-10-27T15:12:42Z">
          <params>
            <param index="0">
              <value>
                <![CDATA[http://bibliotecadigital.ipb.pt]]>
              </value>
            </param>
          </params>
          <reporter-output>
          </reporter-output>
        </test-method> <!-- testLogin -->
        <test-method status="SKIP" signature="testLogin(java.lang.String)[pri:0, instance:testng.rcaap.SARI.TestLoginPass@13deb50e]" name="testLogin" duration-ms="0" started-at="2016-10-27T15:12:42Z" data-provider="urls-all" finished-at="2016-10-27T15:12:42Z">
          <params>
            <param index="0">
              <value>
                <![CDATA[http://iconline.ipleiria.pt]]>
              </value>
            </param>
          </params>
          <reporter-output>
          </reporter-output>
        </test-method> <!-- testLogin -->
        <test-method status="SKIP" signature="testLogin(java.lang.String)[pri:0, instance:testng.rcaap.SARI.TestLoginPass@13deb50e]" name="testLogin" duration-ms="1" started-at="2016-10-27T15:12:42Z" data-provider="urls-all" finished-at="2016-10-27T15:12:42Z">
          <params>
            <param index="0">
              <value>
                <![CDATA[http://repositorioaberto.uab.pt]]>
              </value>
            </param>
          </params>
          <reporter-output>
          </reporter-output>
        </test-method> <!-- testLogin -->
        <test-method status="SKIP" signature="testLogin(java.lang.String)[pri:0, instance:testng.rcaap.SARI.TestLoginPass@13deb50e]" name="testLogin" duration-ms="0" started-at="2016-10-27T15:12:42Z" data-provider="urls-all" finished-at="2016-10-27T15:12:42Z">
          <params>
            <param index="0">
              <value>
                <![CDATA[http://digituma.uma.pt]]>
              </value>
            </param>
          </params>
          <reporter-output>
          </reporter-output>
        </test-method> <!-- testLogin -->
        <test-method status="SKIP" signature="testLogin(java.lang.String)[pri:0, instance:testng.rcaap.SARI.TestLoginPass@13deb50e]" name="testLogin" duration-ms="1" started-at="2016-10-27T15:12:42Z" data-provider="urls-all" finished-at="2016-10-27T15:12:42Z">
          <params>
            <param index="0">
              <value>
                <![CDATA[http://rihuc.huc.min-saude.pt]]>
              </value>
            </param>
          </params>
          <reporter-output>
          </reporter-output>
        </test-method> <!-- testLogin -->
        <test-method status="SKIP" signature="testLogin(java.lang.String)[pri:0, instance:testng.rcaap.SARI.TestLoginPass@13deb50e]" name="testLogin" duration-ms="1" started-at="2016-10-27T15:12:42Z" data-provider="urls-all" finished-at="2016-10-27T15:12:42Z">
          <params>
            <param index="0">
              <value>
                <![CDATA[http://repositorio.chporto.pt]]>
              </value>
            </param>
          </params>
          <reporter-output>
          </reporter-output>
        </test-method> <!-- testLogin -->
        <test-method status="SKIP" signature="testLogin(java.lang.String)[pri:0, instance:testng.rcaap.SARI.TestLoginPass@13deb50e]" name="testLogin" duration-ms="0" started-at="2016-10-27T15:12:42Z" data-provider="urls-all" finished-at="2016-10-27T15:12:42Z">
          <params>
            <param index="0">
              <value>
                <![CDATA[http://repositorio.chlc.min-saude.pt]]>
              </value>
            </param>
          </params>
          <reporter-output>
          </reporter-output>
        </test-method> <!-- testLogin -->
        <test-method status="SKIP" signature="testLogin(java.lang.String)[pri:0, instance:testng.rcaap.SARI.TestLoginPass@13deb50e]" name="testLogin" duration-ms="0" started-at="2016-10-27T15:12:42Z" data-provider="urls-all" finished-at="2016-10-27T15:12:42Z">
          <params>
            <param index="0">
              <value>
                <![CDATA[http://repositorio.hff.min-saude.pt]]>
              </value>
            </param>
          </params>
          <reporter-output>
          </reporter-output>
        </test-method> <!-- testLogin -->
        <test-method status="SKIP" signature="testLogin(java.lang.String)[pri:0, instance:testng.rcaap.SARI.TestLoginPass@13deb50e]" name="testLogin" duration-ms="1" started-at="2016-10-27T15:12:42Z" data-provider="urls-all" finished-at="2016-10-27T15:12:42Z">
          <params>
            <param index="0">
              <value>
                <![CDATA[http://recipp.ipp.pt]]>
              </value>
            </param>
          </params>
          <reporter-output>
          </reporter-output>
        </test-method> <!-- testLogin -->
        <test-method status="SKIP" signature="testLogin(java.lang.String)[pri:0, instance:testng.rcaap.SARI.TestLoginPass@13deb50e]" name="testLogin" duration-ms="0" started-at="2016-10-27T15:12:42Z" data-provider="urls-all" finished-at="2016-10-27T15:12:42Z">
          <params>
            <param index="0">
              <value>
                <![CDATA[http://repositorio.ipsantarem.pt]]>
              </value>
            </param>
          </params>
          <reporter-output>
          </reporter-output>
        </test-method> <!-- testLogin -->
        <test-method status="SKIP" signature="testLogin(java.lang.String)[pri:0, instance:testng.rcaap.SARI.TestLoginPass@13deb50e]" name="testLogin" duration-ms="1" started-at="2016-10-27T15:12:42Z" data-provider="urls-all" finished-at="2016-10-27T15:12:42Z">
          <params>
            <param index="0">
              <value>
                <![CDATA[http://repositorio.ipv.pt]]>
              </value>
            </param>
          </params>
          <reporter-output>
          </reporter-output>
        </test-method> <!-- testLogin -->
        <test-method status="SKIP" signature="testLogin(java.lang.String)[pri:0, instance:testng.rcaap.SARI.TestLoginPass@13deb50e]" name="testLogin" duration-ms="2" started-at="2016-10-27T15:12:42Z" data-provider="urls-all" finished-at="2016-10-27T15:12:42Z">
          <params>
            <param index="0">
              <value>
                <![CDATA[http://repositorio.lneg.pt]]>
              </value>
            </param>
          </params>
          <reporter-output>
          </reporter-output>
        </test-method> <!-- testLogin -->
        <test-method status="FAIL" signature="tearDown()[pri:0, instance:testng.rcaap.SARI.TestLoginPass@13deb50e]" name="tearDown" is-config="true" duration-ms="0" started-at="2016-10-27T15:12:42Z" finished-at="2016-10-27T15:12:42Z">
          <exception class="java.lang.NullPointerException">
            <full-stacktrace>
              <![CDATA[java.lang.NullPointerException
	at testng.rcaap.TestBase.tearDown(TestBase.java:75)
	at sun.reflect.NativeMethodAccessorImpl.invoke0(Native Method)
	at sun.reflect.NativeMethodAccessorImpl.invoke(NativeMethodAccessorImpl.java:62)
	at sun.reflect.DelegatingMethodAccessorImpl.invoke(DelegatingMethodAccessorImpl.java:43)
	at java.lang.reflect.Method.invoke(Method.java:497)
	at org.testng.internal.MethodInvocationHelper.invokeMethod(MethodInvocationHelper.java:100)
	at org.testng.internal.Invoker.invokeConfigurationMethod(Invoker.java:515)
	at org.testng.internal.Invoker.invokeConfigurations(Invoker.java:216)
	at org.testng.internal.Invoker.invokeConfigurations(Invoker.java:143)
	at org.testng.internal.TestMethodWorker.invokeAfterClassMethods(TestMethodWorker.java:217)
	at org.testng.internal.TestMethodWorker.run(TestMethodWorker.java:115)
	at java.util.concurrent.ThreadPoolExecutor.runWorker(ThreadPoolExecutor.java:1142)
	at java.util.concurrent.ThreadPoolExecutor$Worker.run(ThreadPoolExecutor.java:617)
	at java.lang.Thread.run(Thread.java:745)
]]>
            </full-stacktrace>
          </exception> <!-- java.lang.NullPointerException -->
          <reporter-output>
          </reporter-output>
        </test-method> <!-- tearDown -->
      </class> <!-- testng.rcaap.SARI.TestLoginPass -->
    </test> <!-- SARI -->
  </suite> <!-- SARI -->
</testng-results>
