<?xml version="1.0" encoding="UTF-8"?>
<!-- Generated by org.testng.reporters.JUnitXMLReporter -->
<testsuite hostname="iris" name="SARI" tests="113" failures="0" timestamp="27 Oct 2016 14:12:42 GMT" time="0.729" errors="0">
  <testcase name="@BeforeClass setUp" time="0.0" classname="testng.rcaap.SARI.TestSearchPresent">
    <failure type="org.testng.TestNGException" message="
Parameter &amp;apos;browser&amp;apos; is required by @Configuration on method setUp but has not been marked @Optional or defined
in C:\Users\fribeiro\workspace\TestNGMaven\TestNGResources\SARI\testng-sari.xml">
      <![CDATA[org.testng.TestNGException: 
Parameter 'browser' is required by @Configuration on method setUp but has not been marked @Optional or defined
in C:\Users\fribeiro\workspace\TestNGMaven\TestNGResources\SARI\testng-sari.xml
	at java.util.concurrent.ThreadPoolExecutor.runWorker(ThreadPoolExecutor.java:1142)
	at java.util.concurrent.ThreadPoolExecutor$Worker.run(ThreadPoolExecutor.java:617)
	at java.lang.Thread.run(Thread.java:745)
... Removed 7 stack frames]]>
    </failure>
  </testcase> <!-- @BeforeClass setUp -->
  <testcase name="@BeforeClass setUp" time="0.0" classname="testng.rcaap.SARI.TestLoginPass">
    <failure type="org.testng.TestNGException" message="
Parameter &amp;apos;browser&amp;apos; is required by @Configuration on method setUp but has not been marked @Optional or defined
in C:\Users\fribeiro\workspace\TestNGMaven\TestNGResources\SARI\testng-sari.xml">
      <![CDATA[org.testng.TestNGException: 
Parameter 'browser' is required by @Configuration on method setUp but has not been marked @Optional or defined
in C:\Users\fribeiro\workspace\TestNGMaven\TestNGResources\SARI\testng-sari.xml
	at java.util.concurrent.ThreadPoolExecutor.runWorker(ThreadPoolExecutor.java:1142)
	at java.util.concurrent.ThreadPoolExecutor$Worker.run(ThreadPoolExecutor.java:617)
	at java.lang.Thread.run(Thread.java:745)
... Removed 7 stack frames]]>
    </failure>
  </testcase> <!-- @BeforeClass setUp -->
  <testcase name="@BeforeClass setUp" time="0.0" classname="testng.rcaap.SARI.TestExternalScriptsPresent">
    <failure type="org.testng.TestNGException" message="
Parameter &amp;apos;browser&amp;apos; is required by @Configuration on method setUp but has not been marked @Optional or defined
in C:\Users\fribeiro\workspace\TestNGMaven\TestNGResources\SARI\testng-sari.xml">
      <![CDATA[org.testng.TestNGException: 
Parameter 'browser' is required by @Configuration on method setUp but has not been marked @Optional or defined
in C:\Users\fribeiro\workspace\TestNGMaven\TestNGResources\SARI\testng-sari.xml
	at java.util.concurrent.ThreadPoolExecutor.runWorker(ThreadPoolExecutor.java:1142)
	at java.util.concurrent.ThreadPoolExecutor$Worker.run(ThreadPoolExecutor.java:617)
	at java.lang.Thread.run(Thread.java:745)
... Removed 7 stack frames]]>
    </failure>
  </testcase> <!-- @BeforeClass setUp -->
  <testcase name="@AfterClass tearDown" time="0.0" classname="testng.rcaap.SARI.TestLoginPass">
    <failure type="java.lang.NullPointerException">
      <![CDATA[java.lang.NullPointerException
	at testng.rcaap.TestBase.tearDown(TestBase.java:75)
	at java.util.concurrent.ThreadPoolExecutor.runWorker(ThreadPoolExecutor.java:1142)
	at java.util.concurrent.ThreadPoolExecutor$Worker.run(ThreadPoolExecutor.java:617)
	at java.lang.Thread.run(Thread.java:745)
... Removed 10 stack frames]]>
    </failure>
  </testcase> <!-- @AfterClass tearDown -->
  <testcase name="@AfterClass tearDown" time="0.0" classname="testng.rcaap.SARI.TestSearchPresent">
    <failure type="java.lang.NullPointerException">
      <![CDATA[java.lang.NullPointerException
	at testng.rcaap.TestBase.tearDown(TestBase.java:75)
	at java.util.concurrent.ThreadPoolExecutor.runWorker(ThreadPoolExecutor.java:1142)
	at java.util.concurrent.ThreadPoolExecutor$Worker.run(ThreadPoolExecutor.java:617)
	at java.lang.Thread.run(Thread.java:745)
... Removed 10 stack frames]]>
    </failure>
  </testcase> <!-- @AfterClass tearDown -->
  <testcase name="@AfterClass tearDown" time="0.0" classname="testng.rcaap.SARI.TestExternalScriptsPresent">
    <failure type="java.lang.NullPointerException">
      <![CDATA[java.lang.NullPointerException
	at testng.rcaap.TestBase.tearDown(TestBase.java:75)
	at java.util.concurrent.ThreadPoolExecutor.runWorker(ThreadPoolExecutor.java:1142)
	at java.util.concurrent.ThreadPoolExecutor$Worker.run(ThreadPoolExecutor.java:617)
	at java.lang.Thread.run(Thread.java:745)
... Removed 10 stack frames]]>
    </failure>
  </testcase> <!-- @AfterClass tearDown -->
  <testcase name="TestExistButtonSearch" time="0.001" classname="testng.rcaap.SARI.TestSearchPresent">
    <skipped/>
  </testcase> <!-- TestExistButtonSearch -->
  <testcase name="testLogin" time="0.002" classname="testng.rcaap.SARI.TestLoginPass">
    <skipped/>
  </testcase> <!-- testLogin -->
  <testcase name="testGA" time="0.003" classname="testng.rcaap.SARI.TestExternalScriptsPresent">
    <skipped/>
  </testcase> <!-- testGA -->
  <testcase name="testLogin" time="0.002" classname="testng.rcaap.SARI.TestLoginPass">
    <skipped/>
  </testcase> <!-- testLogin -->
  <testcase name="TestExistButtonSearch" time="0.004" classname="testng.rcaap.SARI.TestSearchPresent">
    <skipped/>
  </testcase> <!-- TestExistButtonSearch -->
  <testcase name="testLogin" time="0.002" classname="testng.rcaap.SARI.TestLoginPass">
    <skipped/>
  </testcase> <!-- testLogin -->
  <testcase name="testLogin" time="0.001" classname="testng.rcaap.SARI.TestLoginPass">
    <skipped/>
  </testcase> <!-- testLogin -->
  <testcase name="testLogin" time="0.001" classname="testng.rcaap.SARI.TestLoginPass">
    <skipped/>
  </testcase> <!-- testLogin -->
  <testcase name="testGA" time="0.009" classname="testng.rcaap.SARI.TestExternalScriptsPresent">
    <skipped/>
  </testcase> <!-- testGA -->
  <testcase name="testLogin" time="0.002" classname="testng.rcaap.SARI.TestLoginPass">
    <skipped/>
  </testcase> <!-- testLogin -->
  <testcase name="testLogin" time="0.002" classname="testng.rcaap.SARI.TestLoginPass">
    <skipped/>
  </testcase> <!-- testLogin -->
  <testcase name="TestExistButtonSearch" time="0.003" classname="testng.rcaap.SARI.TestSearchPresent">
    <skipped/>
  </testcase> <!-- TestExistButtonSearch -->
  <testcase name="testLogin" time="0.001" classname="testng.rcaap.SARI.TestLoginPass">
    <skipped/>
  </testcase> <!-- testLogin -->
  <testcase name="testGA" time="0.003" classname="testng.rcaap.SARI.TestExternalScriptsPresent">
    <skipped/>
  </testcase> <!-- testGA -->
  <testcase name="testGA" time="0.001" classname="testng.rcaap.SARI.TestExternalScriptsPresent">
    <skipped/>
  </testcase> <!-- testGA -->
  <testcase name="testLogin" time="0.002" classname="testng.rcaap.SARI.TestLoginPass">
    <skipped/>
  </testcase> <!-- testLogin -->
  <testcase name="testLogin" time="0.002" classname="testng.rcaap.SARI.TestLoginPass">
    <skipped/>
  </testcase> <!-- testLogin -->
  <testcase name="testLogin" time="0.0" classname="testng.rcaap.SARI.TestLoginPass">
    <skipped/>
  </testcase> <!-- testLogin -->
  <testcase name="testGA" time="0.068" classname="testng.rcaap.SARI.TestExternalScriptsPresent">
    <skipped/>
  </testcase> <!-- testGA -->
  <testcase name="testLogin" time="0.001" classname="testng.rcaap.SARI.TestLoginPass">
    <skipped/>
  </testcase> <!-- testLogin -->
  <testcase name="testLogin" time="0.0" classname="testng.rcaap.SARI.TestLoginPass">
    <skipped/>
  </testcase> <!-- testLogin -->
  <testcase name="testLogin" time="0.0" classname="testng.rcaap.SARI.TestLoginPass">
    <skipped/>
  </testcase> <!-- testLogin -->
  <testcase name="testLogin" time="0.0" classname="testng.rcaap.SARI.TestLoginPass">
    <skipped/>
  </testcase> <!-- testLogin -->
  <testcase name="testLogin" time="0.0" classname="testng.rcaap.SARI.TestLoginPass">
    <skipped/>
  </testcase> <!-- testLogin -->
  <testcase name="testLogin" time="0.0" classname="testng.rcaap.SARI.TestLoginPass">
    <skipped/>
  </testcase> <!-- testLogin -->
  <testcase name="testLogin" time="0.0" classname="testng.rcaap.SARI.TestLoginPass">
    <skipped/>
  </testcase> <!-- testLogin -->
  <testcase name="testLogin" time="0.0" classname="testng.rcaap.SARI.TestLoginPass">
    <skipped/>
  </testcase> <!-- testLogin -->
  <testcase name="testLogin" time="0.001" classname="testng.rcaap.SARI.TestLoginPass">
    <skipped/>
  </testcase> <!-- testLogin -->
  <testcase name="testLogin" time="0.001" classname="testng.rcaap.SARI.TestLoginPass">
    <skipped/>
  </testcase> <!-- testLogin -->
  <testcase name="testLogin" time="0.001" classname="testng.rcaap.SARI.TestLoginPass">
    <skipped/>
  </testcase> <!-- testLogin -->
  <testcase name="testLogin" time="0.0" classname="testng.rcaap.SARI.TestLoginPass">
    <skipped/>
  </testcase> <!-- testLogin -->
  <testcase name="testLogin" time="0.0" classname="testng.rcaap.SARI.TestLoginPass">
    <skipped/>
  </testcase> <!-- testLogin -->
  <testcase name="testLogin" time="0.001" classname="testng.rcaap.SARI.TestLoginPass">
    <skipped/>
  </testcase> <!-- testLogin -->
  <testcase name="testLogin" time="0.0" classname="testng.rcaap.SARI.TestLoginPass">
    <skipped/>
  </testcase> <!-- testLogin -->
  <testcase name="testLogin" time="0.001" classname="testng.rcaap.SARI.TestLoginPass">
    <skipped/>
  </testcase> <!-- testLogin -->
  <testcase name="testLogin" time="0.002" classname="testng.rcaap.SARI.TestLoginPass">
    <skipped/>
  </testcase> <!-- testLogin -->
  <testcase name="TestExistButtonSearch" time="0.145" classname="testng.rcaap.SARI.TestSearchPresent">
    <skipped/>
  </testcase> <!-- TestExistButtonSearch -->
  <testcase name="testGA" time="0.001" classname="testng.rcaap.SARI.TestExternalScriptsPresent">
    <skipped/>
  </testcase> <!-- testGA -->
  <testcase name="testGA" time="0.001" classname="testng.rcaap.SARI.TestExternalScriptsPresent">
    <skipped/>
  </testcase> <!-- testGA -->
  <testcase name="TestExistButtonSearch" time="0.001" classname="testng.rcaap.SARI.TestSearchPresent">
    <skipped/>
  </testcase> <!-- TestExistButtonSearch -->
  <testcase name="testGA" time="0.001" classname="testng.rcaap.SARI.TestExternalScriptsPresent">
    <skipped/>
  </testcase> <!-- testGA -->
  <testcase name="TestExistButtonSearch" time="0.001" classname="testng.rcaap.SARI.TestSearchPresent">
    <skipped/>
  </testcase> <!-- TestExistButtonSearch -->
  <testcase name="TestExistButtonSearch" time="0.011" classname="testng.rcaap.SARI.TestSearchPresent">
    <skipped/>
  </testcase> <!-- TestExistButtonSearch -->
  <testcase name="TestExistButtonSearch" time="0.001" classname="testng.rcaap.SARI.TestSearchPresent">
    <skipped/>
  </testcase> <!-- TestExistButtonSearch -->
  <testcase name="TestExistButtonSearch" time="0.001" classname="testng.rcaap.SARI.TestSearchPresent">
    <skipped/>
  </testcase> <!-- TestExistButtonSearch -->
  <testcase name="TestExistButtonSearch" time="0.028" classname="testng.rcaap.SARI.TestSearchPresent">
    <skipped/>
  </testcase> <!-- TestExistButtonSearch -->
  <testcase name="testGA" time="0.001" classname="testng.rcaap.SARI.TestExternalScriptsPresent">
    <skipped/>
  </testcase> <!-- testGA -->
  <testcase name="TestExistButtonSearch" time="0.001" classname="testng.rcaap.SARI.TestSearchPresent">
    <skipped/>
  </testcase> <!-- TestExistButtonSearch -->
  <testcase name="TestExistButtonSearch" time="0.0" classname="testng.rcaap.SARI.TestSearchPresent">
    <skipped/>
  </testcase> <!-- TestExistButtonSearch -->
  <testcase name="TestExistButtonSearch" time="0.001" classname="testng.rcaap.SARI.TestSearchPresent">
    <skipped/>
  </testcase> <!-- TestExistButtonSearch -->
  <testcase name="TestExistButtonSearch" time="0.001" classname="testng.rcaap.SARI.TestSearchPresent">
    <skipped/>
  </testcase> <!-- TestExistButtonSearch -->
  <testcase name="TestExistButtonSearch" time="0.0" classname="testng.rcaap.SARI.TestSearchPresent">
    <skipped/>
  </testcase> <!-- TestExistButtonSearch -->
  <testcase name="TestExistButtonSearch" time="0.0" classname="testng.rcaap.SARI.TestSearchPresent">
    <skipped/>
  </testcase> <!-- TestExistButtonSearch -->
  <testcase name="TestExistButtonSearch" time="0.001" classname="testng.rcaap.SARI.TestSearchPresent">
    <skipped/>
  </testcase> <!-- TestExistButtonSearch -->
  <testcase name="TestExistButtonSearch" time="0.001" classname="testng.rcaap.SARI.TestSearchPresent">
    <skipped/>
  </testcase> <!-- TestExistButtonSearch -->
  <testcase name="TestExistButtonSearch" time="0.001" classname="testng.rcaap.SARI.TestSearchPresent">
    <skipped/>
  </testcase> <!-- TestExistButtonSearch -->
  <testcase name="TestExistButtonSearch" time="0.001" classname="testng.rcaap.SARI.TestSearchPresent">
    <skipped/>
  </testcase> <!-- TestExistButtonSearch -->
  <testcase name="TestExistButtonSearch" time="0.001" classname="testng.rcaap.SARI.TestSearchPresent">
    <skipped/>
  </testcase> <!-- TestExistButtonSearch -->
  <testcase name="TestExistButtonSearch" time="0.001" classname="testng.rcaap.SARI.TestSearchPresent">
    <skipped/>
  </testcase> <!-- TestExistButtonSearch -->
  <testcase name="TestExistButtonSearch" time="0.0" classname="testng.rcaap.SARI.TestSearchPresent">
    <skipped/>
  </testcase> <!-- TestExistButtonSearch -->
  <testcase name="TestExistButtonSearch" time="0.0" classname="testng.rcaap.SARI.TestSearchPresent">
    <skipped/>
  </testcase> <!-- TestExistButtonSearch -->
  <testcase name="TestExistButtonSearch" time="0.0" classname="testng.rcaap.SARI.TestSearchPresent">
    <skipped/>
  </testcase> <!-- TestExistButtonSearch -->
  <testcase name="TestExistButtonSearch" time="0.001" classname="testng.rcaap.SARI.TestSearchPresent">
    <skipped/>
  </testcase> <!-- TestExistButtonSearch -->
  <testcase name="TestExistButtonSearch" time="0.001" classname="testng.rcaap.SARI.TestSearchPresent">
    <skipped/>
  </testcase> <!-- TestExistButtonSearch -->
  <testcase name="testGA" time="0.0" classname="testng.rcaap.SARI.TestExternalScriptsPresent">
    <skipped/>
  </testcase> <!-- testGA -->
  <testcase name="testGA" time="0.001" classname="testng.rcaap.SARI.TestExternalScriptsPresent">
    <skipped/>
  </testcase> <!-- testGA -->
  <testcase name="testGA" time="0.001" classname="testng.rcaap.SARI.TestExternalScriptsPresent">
    <skipped/>
  </testcase> <!-- testGA -->
  <testcase name="testGA" time="0.0" classname="testng.rcaap.SARI.TestExternalScriptsPresent">
    <skipped/>
  </testcase> <!-- testGA -->
  <testcase name="TestExistButtonSearch" time="0.0" classname="testng.rcaap.SARI.TestSearchPresent">
    <skipped/>
  </testcase> <!-- TestExistButtonSearch -->
  <testcase name="testGA" time="0.001" classname="testng.rcaap.SARI.TestExternalScriptsPresent">
    <skipped/>
  </testcase> <!-- testGA -->
  <testcase name="testGA" time="0.002" classname="testng.rcaap.SARI.TestExternalScriptsPresent">
    <skipped/>
  </testcase> <!-- testGA -->
  <testcase name="testGA" time="0.001" classname="testng.rcaap.SARI.TestExternalScriptsPresent">
    <skipped/>
  </testcase> <!-- testGA -->
  <testcase name="testGA" time="0.0" classname="testng.rcaap.SARI.TestExternalScriptsPresent">
    <skipped/>
  </testcase> <!-- testGA -->
  <testcase name="testGA" time="0.0" classname="testng.rcaap.SARI.TestExternalScriptsPresent">
    <skipped/>
  </testcase> <!-- testGA -->
  <testcase name="testGA" time="0.0" classname="testng.rcaap.SARI.TestExternalScriptsPresent">
    <skipped/>
  </testcase> <!-- testGA -->
  <testcase name="testGA" time="0.001" classname="testng.rcaap.SARI.TestExternalScriptsPresent">
    <skipped/>
  </testcase> <!-- testGA -->
  <testcase name="testGA" time="0.001" classname="testng.rcaap.SARI.TestExternalScriptsPresent">
    <skipped/>
  </testcase> <!-- testGA -->
  <testcase name="testGA" time="0.001" classname="testng.rcaap.SARI.TestExternalScriptsPresent">
    <skipped/>
  </testcase> <!-- testGA -->
  <testcase name="testGA" time="0.001" classname="testng.rcaap.SARI.TestExternalScriptsPresent">
    <skipped/>
  </testcase> <!-- testGA -->
  <testcase name="testGA" time="0.0" classname="testng.rcaap.SARI.TestExternalScriptsPresent">
    <skipped/>
  </testcase> <!-- testGA -->
  <testcase name="testGA" time="0.002" classname="testng.rcaap.SARI.TestExternalScriptsPresent">
    <skipped/>
  </testcase> <!-- testGA -->
  <testcase name="testGA" time="0.0" classname="testng.rcaap.SARI.TestExternalScriptsPresent">
    <skipped/>
  </testcase> <!-- testGA -->
  <testcase name="testGA" time="0.0" classname="testng.rcaap.SARI.TestExternalScriptsPresent">
    <skipped/>
  </testcase> <!-- testGA -->
  <testcase name="testGA" time="0.0" classname="testng.rcaap.SARI.TestExternalScriptsPresent">
    <skipped/>
  </testcase> <!-- testGA -->
  <testcase name="testPiwik" time="0.0" classname="testng.rcaap.SARI.TestExternalScriptsPresent">
    <skipped/>
  </testcase> <!-- testPiwik -->
  <testcase name="testPiwik" time="0.0" classname="testng.rcaap.SARI.TestExternalScriptsPresent">
    <skipped/>
  </testcase> <!-- testPiwik -->
  <testcase name="testPiwik" time="0.001" classname="testng.rcaap.SARI.TestExternalScriptsPresent">
    <skipped/>
  </testcase> <!-- testPiwik -->
  <testcase name="testPiwik" time="0.0" classname="testng.rcaap.SARI.TestExternalScriptsPresent">
    <skipped/>
  </testcase> <!-- testPiwik -->
  <testcase name="testPiwik" time="0.0" classname="testng.rcaap.SARI.TestExternalScriptsPresent">
    <skipped/>
  </testcase> <!-- testPiwik -->
  <testcase name="testPiwik" time="0.045" classname="testng.rcaap.SARI.TestExternalScriptsPresent">
    <skipped/>
  </testcase> <!-- testPiwik -->
  <testcase name="testPiwik" time="0.001" classname="testng.rcaap.SARI.TestExternalScriptsPresent">
    <skipped/>
  </testcase> <!-- testPiwik -->
  <testcase name="testPiwik" time="0.002" classname="testng.rcaap.SARI.TestExternalScriptsPresent">
    <skipped/>
  </testcase> <!-- testPiwik -->
  <testcase name="testPiwik" time="0.001" classname="testng.rcaap.SARI.TestExternalScriptsPresent">
    <skipped/>
  </testcase> <!-- testPiwik -->
  <testcase name="testPiwik" time="0.0" classname="testng.rcaap.SARI.TestExternalScriptsPresent">
    <skipped/>
  </testcase> <!-- testPiwik -->
  <testcase name="testPiwik" time="0.001" classname="testng.rcaap.SARI.TestExternalScriptsPresent">
    <skipped/>
  </testcase> <!-- testPiwik -->
  <testcase name="testPiwik" time="0.004" classname="testng.rcaap.SARI.TestExternalScriptsPresent">
    <skipped/>
  </testcase> <!-- testPiwik -->
  <testcase name="testPiwik" time="0.001" classname="testng.rcaap.SARI.TestExternalScriptsPresent">
    <skipped/>
  </testcase> <!-- testPiwik -->
  <testcase name="testPiwik" time="0.0" classname="testng.rcaap.SARI.TestExternalScriptsPresent">
    <skipped/>
  </testcase> <!-- testPiwik -->
  <testcase name="testPiwik" time="0.0" classname="testng.rcaap.SARI.TestExternalScriptsPresent">
    <skipped/>
  </testcase> <!-- testPiwik -->
  <testcase name="testPiwik" time="0.006" classname="testng.rcaap.SARI.TestExternalScriptsPresent">
    <skipped/>
  </testcase> <!-- testPiwik -->
  <testcase name="testPiwik" time="0.001" classname="testng.rcaap.SARI.TestExternalScriptsPresent">
    <skipped/>
  </testcase> <!-- testPiwik -->
  <testcase name="testPiwik" time="0.003" classname="testng.rcaap.SARI.TestExternalScriptsPresent">
    <skipped/>
  </testcase> <!-- testPiwik -->
  <testcase name="testPiwik" time="0.0" classname="testng.rcaap.SARI.TestExternalScriptsPresent">
    <skipped/>
  </testcase> <!-- testPiwik -->
  <testcase name="testPiwik" time="0.001" classname="testng.rcaap.SARI.TestExternalScriptsPresent">
    <skipped/>
  </testcase> <!-- testPiwik -->
  <testcase name="testPiwik" time="0.001" classname="testng.rcaap.SARI.TestExternalScriptsPresent">
    <skipped/>
  </testcase> <!-- testPiwik -->
  <testcase name="testPiwik" time="0.0" classname="testng.rcaap.SARI.TestExternalScriptsPresent">
    <skipped/>
  </testcase> <!-- testPiwik -->
  <testcase name="testPiwik" time="0.001" classname="testng.rcaap.SARI.TestExternalScriptsPresent">
    <skipped/>
  </testcase> <!-- testPiwik -->
  <testcase name="testPiwik" time="0.003" classname="testng.rcaap.SARI.TestExternalScriptsPresent">
    <skipped/>
  </testcase> <!-- testPiwik -->
  <testcase name="testPiwik" time="0.001" classname="testng.rcaap.SARI.TestExternalScriptsPresent">
    <skipped/>
  </testcase> <!-- testPiwik -->
  <testcase name="testPiwik" time="0.001" classname="testng.rcaap.SARI.TestExternalScriptsPresent">
    <skipped/>
  </testcase> <!-- testPiwik -->
  <testcase name="testPiwik" time="0.004" classname="testng.rcaap.SARI.TestExternalScriptsPresent">
    <skipped/>
  </testcase> <!-- testPiwik -->
  <testcase name="testPiwik" time="0.001" classname="testng.rcaap.SARI.TestExternalScriptsPresent">
    <skipped/>
  </testcase> <!-- testPiwik -->
  <testcase name="testPlumX" time="0.001" classname="testng.rcaap.SARI.TestExternalScriptsPresent">
    <skipped/>
  </testcase> <!-- testPlumX -->
</testsuite> <!-- SARI -->
